"../../../Engine/Content/Animation/DefaultAnimBoneCompressionSettings.uasset" 0
"../../../../../Users/MDS00001Y6/Documents/MiniProduction2/Mini2/Content/Animations/Fighter/character_1_Idel_new_ANI_Skeleton.uasset" 1
"../../../Engine/Content/Animation/DefaultAnimCurveCompressionSettings.uasset" 2
"../../../../../Users/MDS00001Y6/Documents/MiniProduction2/Mini2/Content/Animations/Fighter/character_1_kneel_new_ANI.uasset" 3
"../../../../../Users/MDS00001Y6/Documents/MiniProduction2/Mini2/Content/Animations/Tank/character2_idel_Skeleton.uasset" 4
"../../../../../Users/MDS00001Y6/Documents/MiniProduction2/Mini2/Content/Animations/Tank/character_2_kneel_ANI.uasset" 5
"../../../../../Users/MDS00001Y6/Documents/MiniProduction2/Mini2/Content/Animations/ZombieSmall/Enemy_Idel_ANI_Skeleton.uasset" 6
"../../../../../Users/MDS00001Y6/Documents/MiniProduction2/Mini2/Content/Animations/ZombieSmall/Enemy_dead_1_ANI.uasset" 7
"../../../../../Users/MDS00001Y6/Documents/MiniProduction2/Mini2/Content/Animations/ZombieSmall/Enemy_dead_2_ANI.uasset" 8
"../../../../../Users/MDS00001Y6/Documents/MiniProduction2/Mini2/Content/Animations/ZombieSmall/Enemy_walking_1_ANI.uasset" 9
"../../../../../Users/MDS00001Y6/Documents/MiniProduction2/Mini2/Content/Textures/AutoRifle/auto_rifle_new_ROUGH.uasset" 10
"../../../../../Users/MDS00001Y6/Documents/MiniProduction2/Mini2/Content/Textures/AutoRifle/auto_rifle_new_NORM.uasset" 11
"../../../../../Users/MDS00001Y6/Documents/MiniProduction2/Mini2/Content/Textures/AutoRifle/auto_rifle_new_METAL.uasset" 12
"../../../../../Users/MDS00001Y6/Documents/MiniProduction2/Mini2/Content/Textures/AutoRifle/auto_rifle_new_DIFF.uasset" 13
"../../../../../Users/MDS00001Y6/Documents/MiniProduction2/Mini2/Content/Textures/AutoRifle/AutoRifleMAT.uasset" 14
"../../../../../Users/MDS00001Y6/Documents/MiniProduction2/Mini2/Content/ObjectMeshes/auto_rifle_New.uasset" 15
"../../../../../Users/MDS00001Y6/Documents/MiniProduction2/Mini2/Content/Textures/HammerWeapon/two_handed_hammer_ROUGH.uasset" 16
"../../../../../Users/MDS00001Y6/Documents/MiniProduction2/Mini2/Content/Textures/HammerWeapon/two_handed_hammer_NORM.uasset" 17
"../../../../../Users/MDS00001Y6/Documents/MiniProduction2/Mini2/Content/Textures/HammerWeapon/two_handed_hammer_METAL.uasset" 18
"../../../../../Users/MDS00001Y6/Documents/MiniProduction2/Mini2/Content/Textures/HammerWeapon/two_handed_hammer_DIFF.uasset" 19
"../../../../../Users/MDS00001Y6/Documents/MiniProduction2/Mini2/Content/Textures/HammerWeapon/HammerWeaponMAT.uasset" 20
"../../../../../Users/MDS00001Y6/Documents/MiniProduction2/Mini2/Content/ObjectMeshes/two_hand_hammer.uasset" 21
"../../../../../Users/MDS00001Y6/Documents/MiniProduction2/Mini2/Content/Sounds/Mix_Global.uasset" 22
"../../../../../Users/MDS00001Y6/Documents/MiniProduction2/Mini2/Content/Sounds/Master.uasset" 23
"../../../../../Users/MDS00001Y6/Documents/MiniProduction2/Mini2/Content/Sounds/SoundEffects/Grenade_Pin_Pull.uasset" 24
"../../../../../Users/MDS00001Y6/Documents/MiniProduction2/Mini2/Content/Textures/Bus/Bus_UV_1001_BaseColor.uasset" 25
"../../../../../Users/MDS00001Y6/Documents/MiniProduction2/Mini2/Content/Textures/Bus/Bus_UV_1001_Normal.uasset" 26
"../../../../../Users/MDS00001Y6/Documents/MiniProduction2/Mini2/Content/Textures/Bus/Bus_UV_1001_Roughness.uasset" 27
"../../../../../Users/MDS00001Y6/Documents/MiniProduction2/Mini2/Content/Textures/NewBuildings/Building2/buinding2_ROUGH.uasset" 28
"../../../../../Users/MDS00001Y6/Documents/MiniProduction2/Mini2/Content/Textures/NewBuildings/Building2/buinding2_NORM.uasset" 29
"../../../../../Users/MDS00001Y6/Documents/MiniProduction2/Mini2/Content/Textures/NewBuildings/Building2/buinding2_METAL.uasset" 30
"../../../../../Users/MDS00001Y6/Documents/MiniProduction2/Mini2/Content/Textures/NewBuildings/Building2/buinding2_DIFF.uasset" 31
"../../../../../Users/MDS00001Y6/Documents/MiniProduction2/Mini2/Content/Textures/NewBuildings/Building2/Building2Var1MAT.uasset" 32
"../../../../../Users/MDS00001Y6/Documents/MiniProduction2/Mini2/Content/Textures/NewBuildings/Building2/buinding2_new1_DIFF.uasset" 33
"../../../../../Users/MDS00001Y6/Documents/MiniProduction2/Mini2/Content/Textures/NewBuildings/Building2/Building2Var2MAT.uasset" 34
"../../../../../Users/MDS00001Y6/Documents/MiniProduction2/Mini2/Content/Textures/NewBuildings/Building2/buinding2_new2_DIFF.uasset" 35
"../../../../../Users/MDS00001Y6/Documents/MiniProduction2/Mini2/Content/Textures/NewBuildings/Building2/Building2Var3MAT.uasset" 36
"../../../../../Users/MDS00001Y6/Documents/MiniProduction2/Mini2/Content/UI/FighterWidget/FighterBuffSymbHorz_-_Copy.uasset" 37
"../../../../../Users/MDS00001Y6/Documents/MiniProduction2/Mini2/Content/UI/GeneralHUD/AbilityButtonHorz.uasset" 38
"../../../../../Users/MDS00001Y6/Documents/MiniProduction2/Mini2/Content/UI/GeneralHUD/BuffButtonHorz.uasset" 39
"../../../../../Users/MDS00001Y6/Documents/MiniProduction2/Mini2/Content/UI/HUD/ParentUIWidget.uasset" 40
"../../../Engine/Content/Functions/Engine_MaterialFunctions01/ImageAdjustment/DeriveHDRfromLDR.uasset" 41
"../../../Engine/Content/Functions/Engine_MaterialFunctions01/Density/ExponentialDensity.uasset" 42
"../../../Engine/Content/Functions/Engine_MaterialFunctions01/Gradient/RadialGradientExponential.uasset" 43
"../../../../../Users/MDS00001Y6/Documents/MiniProduction2/Mini2/Content/VFX/T_Perlin_Noise_M.uasset" 44
"../../../../../Users/MDS00001Y6/Documents/MiniProduction2/Mini2/Content/VFX/BloodHit/MistyMAT.uasset" 45
"../../../Engine/Content/EngineMaterials/T_Default_Material_Grid_N.uasset" 46
"../../../Engine/Content/EngineMaterials/T_Default_Material_Grid_M.uasset" 47
"../../../Engine/Content/Functions/Engine_MaterialFunctions01/Opacity/CameraDepthFade.uasset" 48
"../../../Engine/Content/EngineMaterials/WorldGridMaterial.uasset" 49
"../../../Engine/Content/ArtTools/RenderToTexture/Meshes/S_1_Unit_Plane.uasset" 50
"../../../Engine/Content/EngineMaterials/DefaultMaterial.uasset" 51
"../../../Engine/Content/BasicShapes/Cone.uasset" 52
"../../../Engine/Content/BasicShapes/Plane.uasset" 53
"../../../Engine/Content/BasicShapes/Sphere.uasset" 54
"../../../Engine/Content/EditorLandscapeResources/DataLayer.uasset" 55
"../../../Engine/Content/EditorLandscapeResources/DefaultAlphaTexture.uasset" 56
"../../../Engine/Content/EditorMaterials/MAT_Groups_Toggle.uasset" 57
"../../../Engine/Content/EditorMaterials/MAT_Groups_Visibility.uasset" 58
"../../../Engine/Content/EditorMaterials/PreviewShadowIndicator.uasset" 59
"../../../Engine/Content/EditorMaterials/PreviewShadowIndicatorMaterial.uasset" 60
"../../../Engine/Content/EditorMaterials/MatineeGroups/MAT_ColorTrack.uasset" 61
"../../../Engine/Content/EditorMaterials/MatineeGroups/MAT_Groups_Anim.uasset" 62
"../../../Engine/Content/EditorMaterials/MatineeGroups/MAT_Groups_AudioMaster.uasset" 63
"../../../Engine/Content/EditorMaterials/MatineeGroups/MAT_Groups_Director.uasset" 64
"../../../Engine/Content/EditorMaterials/MatineeGroups/MAT_Groups_Event.uasset" 65
"../../../Engine/Content/EditorMaterials/MatineeGroups/MAT_Groups_Fade.uasset" 66
"../../../Engine/Content/EditorMaterials/MatineeGroups/MAT_Groups_Float.uasset" 67
"../../../Engine/Content/EditorMaterials/MatineeGroups/MAT_Groups_Move.uasset" 68
"../../../Engine/Content/EditorMaterials/MatineeGroups/MAT_Groups_Slomo.uasset" 69
"../../../Engine/Content/EditorMaterials/MatineeGroups/MAT_Groups_Sound.uasset" 70
"../../../Engine/Content/EditorMaterials/MatineeGroups/MAT_Groups_Vector.uasset" 71
"../../../Engine/Content/EditorMaterials/ParticleSystems/PSysThumbnail_NoImage.uasset" 72
"../../../Engine/Content/EditorMaterials/ParticleSystems/PSysThumbnail_OOD.uasset" 73
"../../../Engine/Content/EditorMaterials/Camera/CineMat.uasset" 74
"../../../Engine/Content/EditorMaterials/Camera/MI_CineMat_Rig.uasset" 75
"../../../Engine/Content/EditorMeshes/Camera/SM_CraneRig_Arm.uasset" 76
"../../../Engine/Content/EditorMeshes/Camera/SM_CraneRig_Base.uasset" 77
"../../../Engine/Content/EditorMeshes/Camera/SM_CraneRig_Body.uasset" 78
"../../../Engine/Content/EditorMeshes/Camera/SM_CraneRig_Mount.uasset" 79
"../../../Engine/Content/EditorMeshes/Camera/SM_RailRig_Mount.uasset" 80
"../../../Engine/Content/EditorMeshes/Camera/SM_RailRig_Track.uasset" 81
"../../../Engine/Content/EditorResources/BSPVertex.uasset" 82
"../../../Engine/Content/EditorResources/EmptyActor.uasset" 83
"../../../Engine/Content/EditorResources/S_Actor.uasset" 84
"../../../Engine/Content/EditorResources/S_Note.uasset" 85
"../../../Engine/Content/EditorResources/S_Solver.uasset" 86
"../../../Engine/Content/EditorResources/S_Terrain.uasset" 87
"../../../Engine/Content/EditorResources/S_Trigger.uasset" 88
"../../../Engine/Content/EditorResources/AudioIcons/S_AudioComponent_AutoActivate.uasset" 89
"../../../Engine/Content/EditorResources/LightIcons/S_LightError.uasset" 90
"../../../Engine/Content/EditorResources/SequenceRecorder/Countdown.uasset" 91
"../../../Engine/Content/EditorResources/SequenceRecorder/RecordingIndicator.uasset" 92
"../../../Engine/Content/EngineDamageTypes/DmgTypeBP_Environmental.uasset" 93
"../../../Engine/Content/EngineDebugMaterials/DebugEditorMaterial.uasset" 94
"../../../Engine/Content/EngineDebugMaterials/DebugMeshMaterial.uasset" 95
"../../../Engine/Content/EngineDebugMaterials/M_SimpleUnlitTranslucent.uasset" 96
"../../../Engine/Content/EngineDebugMaterials/VolumeToRender.uasset" 97
"../../../Engine/Content/Functions/Engine_MaterialFunctions02/Utility/CameraDirectionVector.uasset" 98
"../../../Engine/Content/EngineDebugMaterials/M_VolumeRenderSphereTracePP.uasset" 99
"../../../Engine/Content/Functions/Engine_MaterialFunctions01/Shading/ConvertFromDiffSpec.uasset" 100
"../../../Engine/Content/EngineDebugMaterials/VertexColorMaterial.uasset" 101
"../../../Engine/Content/EngineDebugMaterials/WireframeMaterial.uasset" 102
"../../../Engine/Content/EngineFonts/Faces/RobotoRegular.uasset" 103
"../../../Engine/Content/EngineFonts/Faces/RobotoLight.uasset" 104
"../../../Engine/Content/EngineFonts/Faces/RobotoItalic.uasset" 105
"../../../Engine/Content/EngineFonts/Faces/RobotoBoldItalic.uasset" 106
"../../../Engine/Content/EngineFonts/Faces/RobotoBold.uasset" 107
"../../../Engine/Content/EngineFonts/Faces/DroidSansFallback.uasset" 108
"../../../Engine/Content/EngineFonts/Roboto.uasset" 109
"../../../Engine/Content/EngineMaterials/BaseFlattenNormalMap.uasset" 110
"../../../Engine/Content/EngineMaterials/BaseFlattenGrayscaleMap.uasset" 111
"../../../Engine/Content/EngineMaterials/BaseFlattenEmissiveMap.uasset" 112
"../../../Engine/Content/EngineMaterials/BaseFlattenDiffuseMap.uasset" 113
"../../../Engine/Content/EngineMaterials/BaseFlattenMaterial.uasset" 114
"../../../Engine/Content/EngineMaterials/BlueNoise.uasset" 115
"../../../Engine/Content/EngineMaterials/DefaultBloomKernel.uasset" 116
"../../../Engine/Content/EngineMaterials/DefaultBokeh.uasset" 117
"../../../Engine/Content/EngineMaterials/DefaultDiffuse.uasset" 118
"../../../Engine/Content/EngineMaterials/DefaultDeferredDecalMaterial.uasset" 119
"../../../Engine/Content/EngineMaterials/DefaultLightFunctionMaterial.uasset" 120
"../../../Engine/Content/EngineMaterials/DefaultPhysicalMaterial.uasset" 121
"../../../Engine/Content/Functions/Engine_MaterialFunctions02/Utility/BreakOutFloat2Components.uasset" 122
"../../../Engine/Content/EngineMaterials/DefaultPostProcessMaterial.uasset" 123
"../../../Engine/Content/EngineFonts/RobotoDistanceField.uasset" 124
"../../../Engine/Content/EngineMaterials/DefaultTextMaterialOpaque.uasset" 125
"../../../Engine/Content/EngineMaterials/DefaultWhiteGrid.uasset" 126
"../../../Engine/Content/EngineMaterials/DefaultWhiteGrid_Low.uasset" 127
"../../../Engine/Content/EngineMaterials/EmissiveMeshMaterial.uasset" 128
"../../../Engine/Content/EngineMaterials/GizmoMaterial.uasset" 129
"../../../Engine/Content/EngineMaterials/Good64x64TilingNoiseHighFreq.uasset" 130
"../../../Engine/Content/EngineMaterials/MiniFont.uasset" 131
"../../../Engine/Content/EngineMaterials/InvalidLightmapSettings.uasset" 132
"../../../Engine/Content/EngineMaterials/M_InvalidLightmapSettings.uasset" 133
"../../../Engine/Content/Functions/Engine_MaterialFunctions02/WorldPositionOffset/CameraOffset.uasset" 134
"../../../Engine/Content/EngineMaterials/PhAT_JointLimitMaterial.uasset" 135
"../../../Engine/Content/EngineMaterials/PreintegratedSkinBRDF.uasset" 136
"../../../Engine/Content/EngineMaterials/RemoveSurfaceMaterial.uasset" 137
"../../../Engine/Content/EngineMaterials/WeightMapPlaceholderTexture.uasset" 138
"../../../Engine/Content/EngineResources/WhiteSquareTexture.uasset" 139
"../../../Engine/Content/EngineMaterials/Widget3DPassThrough.uasset" 140
"../../../Engine/Content/EngineMaterials/Widget3DPassThrough_Masked.uasset" 141
"../../../Engine/Content/EngineMaterials/Widget3DPassThrough_Opaque.uasset" 142
"../../../Engine/Content/EngineMaterials/Widget3DPassThrough_Masked_OneSided.uasset" 143
"../../../Engine/Content/EngineMaterials/Widget3DPassThrough_Opaque_OneSided.uasset" 144
"../../../Engine/Content/EngineMaterials/Widget3DPassThrough_Translucent.uasset" 145
"../../../Engine/Content/EngineMaterials/Widget3DPassThrough_Translucent_OneSided.uasset" 146
"../../../Engine/Content/EngineMeshes/Cylinder.uasset" 147
"../../../Engine/Content/EngineMeshes/Sphere.uasset" 148
"../../../Engine/Content/EngineResources/Black.uasset" 149
"../../../Engine/Content/EngineResources/DefaultTextureCube.uasset" 150
"../../../Engine/Content/EngineResources/DefaultVolumeTexture2D.uasset" 151
"../../../Engine/Content/EngineResources/DefaultVolumeTexture.uasset" 152
"../../../Engine/Content/EngineResources/GradientTexture0.uasset" 153
"../../../Engine/Content/EngineSky/VolumetricClouds/T_NoiseShape64.uasset" 154
"../../../Engine/Content/EngineSky/VolumetricClouds/T_VolumeNoiseShape64.uasset" 155
"../../../Engine/Content/EngineSky/VolumetricClouds/T_NoiseErosion.uasset" 156
"../../../Engine/Content/EngineSky/VolumetricClouds/T_VolumeNoiseErosion32.uasset" 157
"../../../Engine/Content/EngineSky/VolumetricClouds/CloudWeatherTexture.uasset" 158
"../../../Engine/Content/EngineSky/VolumetricClouds/CloudGradientTexture.uasset" 159
"../../../Engine/Content/Functions/Engine_MaterialFunctions02/Utility/MakeFloat2.uasset" 160
"../../../Engine/Content/EngineSky/VolumetricClouds/m_SimpleVolumetricCloud.uasset" 161
"../../../Engine/Content/EngineSky/VolumetricClouds/m_SimpleVolumetricCloud_Inst.uasset" 162
"../../../Engine/Content/EngineSounds/Master.uasset" 163
"../../../Engine/Content/Functions/Engine_MaterialFunctions01/Shading/PowerToRoughness.uasset" 164
"../../../Engine/Content/Maps/Templates/Thumbnails/Default.uasset" 165
"../../../Engine/Content/Maps/Templates/Thumbnails/TimeOfDay.uasset" 166
"../../../Engine/Content/Maps/Templates/Thumbnails/VR-Basic.uasset" 167
"../../../Engine/Content/MobileResources/T_MobileControls_texture.uasset" 168
"../../../Engine/Content/MobileResources/T_MobileMenu2.uasset" 169
"../../../Engine/Content/MobileResources/HUD/AnalogHat.uasset" 170
"../../../Engine/Content/MobileResources/HUD/VirtualJoystick_Thumb.uasset" 171
"../../../Engine/Content/MobileResources/HUD/VirtualJoystick_Background.uasset" 172
"../../../Engine/Content/MobileResources/HUD/DefaultVirtualJoysticks.uasset" 173
"../../../Engine/Content/MobileResources/HUD/LeftVirtualJoystickOnly.uasset" 174
"../../../Engine/Content/MobileResources/HUD/MobileHUDButton1_off.uasset" 175
"../../../Engine/Content/MobileResources/HUD/MobileHUDButton1_on.uasset" 176
"../../../Engine/Content/MobileResources/HUD/MobileHUDButton2_off.uasset" 177
"../../../Engine/Content/MobileResources/HUD/MobileHUDButton2_on.uasset" 178
"../../../Engine/Content/MobileResources/HUD/MobileHUDButton3.uasset" 179
"../../../Engine/Content/MobileResources/HUD/MobileHUDButtonFire.uasset" 180
"../../../Engine/Content/MobileResources/HUD/MobileHUDDirectionPad.uasset" 181
"../../../Engine/Content/MobileResources/HUD/MobileHUDDirectionPad2.uasset" 182
"../../../Engine/Content/MobileResources/HUD/MobileHUDDirectionPad3.uasset" 183
"../../../Engine/Content/MobileResources/HUD/MobileHUDDirectionStick.uasset" 184
"../../../Engine/Content/MobileResources/HUD/T_Castle_ThumbstickInner.uasset" 185
"../../../Engine/Content/MobileResources/HUD/T_Castle_ThumbstickOutter.uasset" 186
"../../../Engine/Content/Tutorial/ContentIntroCurve.uasset" 187
"../../../Engine/Content/Tutorial/Basics/LevelEditorAttract.uasset" 188
"../../../Engine/Content/Tutorial/Basics/TutorialAssets/icon_tab_Levels_40x.uasset" 189
"../../../Engine/Content/Tutorial/Basics/LevelEditorOverview.uasset" 190
"../../../Engine/Content/VREditor/TransformGizmo/TranslucentTransformGizmoMaterial.uasset" 191
"../../../Engine/Content/VREditor/LaserPointer/VR_LaserPower_01.uasset" 192
"../../../Engine/Content/VREditor/TransformGizmo/TransformGizmoMaterial.uasset" 193
"../../../Engine/Content/VREditor/TransformGizmo/BoundingBoxCorner.uasset" 194
"../../../Engine/Content/VREditor/TransformGizmo/BoundingBoxEdge.uasset" 195
"../../../Engine/Content/VREditor/TransformGizmo/PlaneTranslationHandle.uasset" 196
"../../../Engine/Content/VREditor/TransformGizmo/Xray.uasset" 197
"../../../Engine/Content/VREditor/TransformGizmo/Main.uasset" 198
"../../../Engine/Content/VREditor/TransformGizmo/SM_Sequencer_Key.uasset" 199
"../../../Engine/Content/VREditor/TransformGizmo/SM_Sequencer_Node.uasset" 200
"../../Plugins/2D/Paper2D/Content/PlaceholderTextures/DummySpriteTexture.uasset" 201
"../../Plugins/2D/Paper2D/Content/DummySprite.uasset" 202
"../../Plugins/2D/Paper2D/Content/DefaultPaperTerrainMaterial.uasset" 203
"../../Plugins/2D/Paper2D/Content/DefaultSpriteMaterial.uasset" 204
"../../Plugins/2D/Paper2D/Content/MaskedUnlitSpriteMaterial.uasset" 205
"../../Plugins/2D/Paper2D/Content/OpaqueUnlitSpriteMaterial.uasset" 206
"../../../Engine/Content/Functions/Engine_MaterialFunctions02/ObjectLocalBounds.uasset" 207
"../../../Engine/Content/Functions/Engine_MaterialFunctions02/Utility/BreakOutFloat3Components.uasset" 208
"../../../Engine/Content/EngineResources/DefaultTexture.uasset" 209
"../../Plugins/Editor/SpeedTreeImporter/Content/SpeedTree9/UnpackInteger3.uasset" 210
"../../Plugins/Editor/SpeedTreeImporter/Content/SpeedTree9/UnpackDirection.uasset" 211
"../../Plugins/Editor/SpeedTreeImporter/Content/SpeedTree9/game_wind_noise.uasset" 212
"../../../Engine/Content/Functions/Engine_MaterialFunctions02/SafeNormalize.uasset" 213
"../../Plugins/Editor/SpeedTreeImporter/Content/SpeedTree9/SpeedTreeWindMotion.uasset" 214
"../../Plugins/Editor/SpeedTreeImporter/Content/SpeedTree9/SpeedTreeBranchMotion.uasset" 215
"../../../Engine/Content/Functions/Engine_MaterialFunctions02/UVs/BoundingBoxBased_0-1_UVW.uasset" 216
"../../Plugins/Editor/SpeedTreeImporter/Content/SpeedTree9/SpeedTreeWind.uasset" 217
"../../Plugins/Editor/SpeedTreeImporter/Content/SpeedTree9/SpeedTreeBillboard.uasset" 218
"../../Plugins/Editor/SpeedTreeImporter/Content/SpeedTree9/SpeedTreeBillboardMaster.uasset" 219
"../../Plugins/Editor/SpeedTreeImporter/Content/SpeedTree9/SpeedTreeCameraFacing.uasset" 220
"../../Plugins/Editor/SpeedTreeImporter/Content/SpeedTree9/SpeedTreeMaster.uasset" 221
"../../../Engine/Content/BasicShapes/Cylinder.uasset" 222
"../../../Engine/Content/ArtTools/RenderToTexture/Materials/Debug/M_Emissive_Color.uasset" 223
"../../Plugins/Lumin/MagicLeapPassableWorld/Content/MagicLeapARPinInfoActor.uasset" 224
"../../../Engine/Content/Functions/Engine_MaterialFunctions02/Utility/BreakOutFloat4Components.uasset" 225
"../../../Engine/Content/Functions/Engine_MaterialFunctions02/Utility/MakeFloat3.uasset" 226
"../../Plugins/Runtime/Oculus/OculusVR/Content/Materials/OculusMR_ChromaKey.uasset" 227
"../../Plugins/Runtime/Oculus/OculusVR/Content/Materials/OculusMR_OpaqueColoredMaterial.uasset" 228
"../../Plugins/Runtime/Oculus/OculusVR/Content/Materials/PokeAHoleMaterial.uasset" 229
"../../../../../Users/MDS00001Y6/Documents/MiniProduction2/Mini2/Content/SaveFiles/S_Options.uasset" 230
"../../../../../Users/MDS00001Y6/Documents/MiniProduction2/Mini2/Content/SaveFiles/SaveOptions.uasset" 231
"../../../../../Users/MDS00001Y6/Documents/MiniProduction2/Mini2/Content/Animations/BigZombie/boss_Idel_Skeleton.uasset" 232
"../../../../../Users/MDS00001Y6/Documents/MiniProduction2/Mini2/Content/Animations/BigZombie/boss_running.uasset" 233
"../../../../../Users/MDS00001Y6/Documents/MiniProduction2/Mini2/Content/Animations/BigZombie/boss_Idel_Anim.uasset" 234
"../../../../../Users/MDS00001Y6/Documents/MiniProduction2/Mini2/Content/Animations/BigZombie/boss_attack.uasset" 235
"../../../../../Users/MDS00001Y6/Documents/MiniProduction2/Mini2/Content/Animations/BigZombie/BigZombieAimations.uasset" 236
"../../../Engine/Content/EditorBlueprintResources/StandardMacros.uasset" 237
"../../../../../Users/MDS00001Y6/Documents/MiniProduction2/Mini2/Content/CustomGameInstance.uasset" 238
"../../../../../Users/MDS00001Y6/Documents/MiniProduction2/Mini2/Content/FirstPersonGameMode.uasset" 239
"../../../../../Users/MDS00001Y6/Documents/MiniProduction2/Mini2/Content/UI/Menus/PauseMenu/MenuHover.uasset" 240
"../../../../../Users/MDS00001Y6/Documents/MiniProduction2/Mini2/Content/UI/Menus/PauseMenu/MenuClick.uasset" 241
"../../../../../Users/MDS00001Y6/Documents/MiniProduction2/Mini2/Content/UI/Menus/CityBackground.uasset" 242
"../../../../../Users/MDS00001Y6/Documents/MiniProduction2/Mini2/Content/UI/Insomnia_1.uasset" 243
"../../../../../Users/MDS00001Y6/Documents/MiniProduction2/Mini2/Content/UI/Insomnia_1_Font.uasset" 244
"../../../../../Users/MDS00001Y6/Documents/MiniProduction2/Mini2/Content/UI/hiragino-maru-gothic-pro-w4.uasset" 245
"../../../../../Users/MDS00001Y6/Documents/MiniProduction2/Mini2/Content/UI/hiragino-maru-gothic-pro-w4_Font.uasset" 246
"../../../../../Users/MDS00001Y6/Documents/MiniProduction2/Mini2/Content/Sounds/Music/DeathScreen.uasset" 247
"../../../../../Users/MDS00001Y6/Documents/MiniProduction2/Mini2/Content/UI/Menus/GameOver/Gameover.uasset" 248
"../../../../../Users/MDS00001Y6/Documents/MiniProduction2/Mini2/Content/Sounds/SoundEffects/FemaleDying3.uasset" 249
"../../../../../Users/MDS00001Y6/Documents/MiniProduction2/Mini2/Content/Sounds/SoundEffects/FemaleDying2.uasset" 250
"../../../../../Users/MDS00001Y6/Documents/MiniProduction2/Mini2/Content/Sounds/SoundEffects/FemaleDying1.uasset" 251
"../../../../../Users/MDS00001Y6/Documents/MiniProduction2/Mini2/Content/Sounds/DyingSounds.uasset" 252
"../../../../../Users/MDS00001Y6/Documents/MiniProduction2/Mini2/Content/VFX/RadiusEffect/ShockWaveALPHA.uasset" 253
"../../../../../Users/MDS00001Y6/Documents/MiniProduction2/Mini2/Content/VFX/RadiusEffect/ShockwaveMAT.uasset" 254
"../../Plugins/FX/Niagara/Content/Enums/ENiagaraScaleColorMode.uasset" 255
"../../Plugins/FX/Niagara/Content/Modules/Update/Color/ScaleColor.uasset" 256
"../../Plugins/FX/Niagara/Content/Enums/ENiagaraRandomnessMode.uasset" 257
"../../Plugins/FX/Niagara/Content/Enums/ENiagaraRandomnessEvaluation.uasset" 258
"../../Plugins/FX/Niagara/Content/Functions/V2/CalculateRandomRange.uasset" 259
"../../Plugins/FX/Niagara/Content/DynamicInputs/UniformRange/V2/RandomRangeVector2D.uasset" 260
"../../../../../Users/MDS00001Y6/Documents/MiniProduction2/Mini2/Content/VFX/RadiusEffect/Shape01.uasset" 261
"../../../../../Users/MDS00001Y6/Documents/MiniProduction2/Mini2/Content/VFX/RadiusEffect/RadiusMAT.uasset" 262
"../../Plugins/FX/Niagara/Content/Enums/ENiagaraInactiveMode.uasset" 263
"../../Plugins/FX/Niagara/Content/Enums/ENiagaraEmitterScalabilityMode_Limited.uasset" 264
"../../Plugins/FX/Niagara/Content/Enums/ENiagaraEmitterLifeCycleMode.uasset" 265
"../../Plugins/FX/Niagara/Content/Enums/ENiagaraCoordinateSpace.uasset" 266
"../../Plugins/FX/Niagara/Content/Enums/ENiagaraChannelCorrelation.uasset" 267
"../../Plugins/FX/Niagara/Content/Enums/ENiagara_UVFlippingMode.uasset" 268
"../../Plugins/FX/Niagara/Content/Enums/ENiagara_SpriteRotationMode.uasset" 269
"../../Plugins/FX/Niagara/Content/Enums/ENiagara_SizeScaleMode.uasset" 270
"../../Plugins/FX/Niagara/Content/Enums/ENiagara_PositionInitializationMode.uasset" 271
"../../Plugins/FX/Niagara/Content/Enums/ENiagara_MassInitializationMode.uasset" 272
"../../Plugins/FX/Niagara/Content/Enums/ENiagara_LifetimeMode.uasset" 273
"../../Plugins/FX/Niagara/Content/Enums/ENiagara_InfiniteLoopDuration.uasset" 274
"../../Plugins/FX/Niagara/Content/Enums/ENiagara_EmitterStateOptions.uasset" 275
"../../Plugins/FX/Niagara/Content/Enums/ENiagara_ColorInitializationMode.uasset" 276
"../../Plugins/FX/Niagara/Content/Modules/Update/Material/DynamicMaterialParameters.uasset" 277
"../../Plugins/FX/Niagara/Content/Modules/Update/Lifetime/ParticleState.uasset" 278
"../../Plugins/FX/Niagara/Content/Modules/Update/Color/Color.uasset" 279
"../../Plugins/FX/Niagara/Content/Functions/V2/CalculateRandomRangeFloat.uasset" 280
"../../Plugins/FX/Niagara/Content/Functions/Localspace/TransformBase.uasset" 281
"../../Plugins/FX/Niagara/Content/Functions/Localspace/TransformVector.uasset" 282
"../../Plugins/FX/Niagara/Content/Functions/LinearColor/HueShiftLinearColor.uasset" 283
"../../Plugins/FX/Niagara/Content/Functions/V2/CalculateRandomRangeInteger.uasset" 284
"../../Plugins/FX/Niagara/Content/Functions/V2/CalculateRandomBool.uasset" 285
"../../Plugins/FX/Niagara/Content/Functions/Localspace/SimulationPosition.uasset" 286
"../../Plugins/FX/Niagara/Content/Modules/Spawn/Initialization/V2/InitializeParticle.uasset" 287
"../../Plugins/FX/Niagara/Content/Functions/DirectionAndLengthSafe.uasset" 288
"../../Plugins/FX/Niagara/Content/Modules/Solvers/SolveForcesAndVelocity.uasset" 289
"../../Plugins/FX/Niagara/Content/Modules/Emitter/SpawnBurst_Instantaneous.uasset" 290
"../../Plugins/FX/Niagara/Content/Functions/Emitter/EmitterChangeState.uasset" 291
"../../Plugins/FX/Niagara/Content/Enums/ENiagaraExecutionStateManagement.uasset" 292
"../../Plugins/FX/Niagara/Content/Modules/Emitter/EmitterState.uasset" 293
"../../Plugins/FX/Niagara/Content/DynamicInputs/ValueFromCurve/FloatFromCurve.uasset" 294
"../../Plugins/FX/Niagara/Content/DynamicInputs/ValueFromCurve/ColorFromCurve.uasset" 295
"../../../../../Users/MDS00001Y6/Documents/MiniProduction2/Mini2/Content/VFX/RadiusEffect/RadiusFX.uasset" 296
"../../Plugins/FX/Niagara/Content/VectorFields/Assets/TilingCurl32.uasset" 297
"../../Plugins/FX/Niagara/Content/Enums/ENiagaraCurlNoiseQuality.uasset" 298
"../../Plugins/FX/Niagara/Content/VectorFields/Assets/TilingCurl64.uasset" 299
"../../Plugins/FX/Niagara/Content/VectorFields/Assets/TilingCurl16.uasset" 300
"../../Plugins/FX/Niagara/Content/Functions/V2/RemapRange.uasset" 301
"../../Plugins/FX/Niagara/Content/Functions/FindAngleBetweenVectors.uasset" 302
"../../Plugins/FX/Niagara/Content/Functions/V2/ConeMask.uasset" 303
"../../Plugins/FX/Niagara/Content/Modules/Update/Forces/V2/CurlNoiseForce.uasset" 304
"../../Plugins/FX/Niagara/Content/Modules/Update/Forces/Drag.uasset" 305
"../../Plugins/FX/Niagara/Content/Functions/GetRandomInfo.uasset" 306
"../../Plugins/FX/Niagara/Content/Functions/RandomRangeFloat.uasset" 307
"../../Plugins/FX/Niagara/Content/Modules/Emitter/SpawnRate.uasset" 308
"../../../../../Users/MDS00001Y6/Documents/MiniProduction2/Mini2/Content/VFX/RadiusEffect/WooshieALPHA.uasset" 309
"../../../../../Users/MDS00001Y6/Documents/MiniProduction2/Mini2/Content/VFX/RadiusEffect/SparkMAT.uasset" 310
"../../../../../Users/MDS00001Y6/Documents/MiniProduction2/Mini2/Content/VFX/RadiusEffect/GlowMAT.uasset" 311
"../../Plugins/FX/Niagara/Content/Enums/ENiagaraSystemInactiveMode.uasset" 312
"../../Plugins/FX/Niagara/Content/Enums/ENiagaraSphereDistributionMode.uasset" 313
"../../Plugins/FX/Niagara/Content/Enums/ENiagaraExpansionMode.uasset" 314
"../../Plugins/FX/Niagara/Content/Functions/System/SystemChangeState.uasset" 315
"../../Plugins/FX/Niagara/Content/Modules/System/SystemState.uasset" 316
"../../Plugins/FX/Niagara/Content/Modules/Spawn/Velocity/AddVelocity.uasset" 317
"../../Plugins/FX/Niagara/Content/Functions/SphericalToCartesianCoordinates.uasset" 318
"../../Plugins/FX/Niagara/Content/Functions/V2/CalculateRandomPointInSphere.uasset" 319
"../../Plugins/FX/Niagara/Content/Functions/Rotation/MultiplyVectorWithQuaternion.uasset" 320
"../../Plugins/FX/Niagara/Content/Functions/Rotation/FindQuatBetween.uasset" 321
"../../Plugins/FX/Niagara/Content/Modules/Spawn/Location/V2/SphereLocation.uasset" 322
"../../Plugins/FX/Niagara/Content/DynamicInputs/UniformRange/V2/RandomRangeVector.uasset" 323
"../../Plugins/FX/Niagara/Content/DynamicInputs/UniformRange/V2/RandomRangeFloat.uasset" 324
"../../Plugins/FX/Niagara/Content/DynamicInputs/TypeConversions/Vector2DFromFloat.uasset" 325
"../../Plugins/FX/Niagara/Content/Modules/Update/Forces/GravityForce.uasset" 326
"../../../../../Users/MDS00001Y6/Documents/MiniProduction2/Mini2/Content/VFX/RadiusEffect/AuraRadiusFX.uasset" 327
"../../../../../Users/MDS00001Y6/Documents/MiniProduction2/Mini2/Content/Sounds/SoundEffects/Blood_Splat.uasset" 328
"../../../../../Users/MDS00001Y6/Documents/MiniProduction2/Mini2/Content/Sounds/HitSounds.uasset" 329
"../../../../../Users/MDS00001Y6/Documents/MiniProduction2/Mini2/Content/Enemies/Zombies/AI/BPI_Character.uasset" 330
"../../../../../Users/MDS00001Y6/Documents/MiniProduction2/Mini2/Content/Players/parentCharacter.uasset" 331
"../../../../../Users/MDS00001Y6/Documents/MiniProduction2/Mini2/Content/Sounds/SoundEffects/Zombie_3.uasset" 332
"../../../../../Users/MDS00001Y6/Documents/MiniProduction2/Mini2/Content/Sounds/SoundEffects/Zombie_2.uasset" 333
"../../../../../Users/MDS00001Y6/Documents/MiniProduction2/Mini2/Content/Sounds/SoundEffects/Zombie_1.uasset" 334
"../../../../../Users/MDS00001Y6/Documents/MiniProduction2/Mini2/Content/Sounds/ZombieNoises.uasset" 335
"../../Plugins/FX/Niagara/Content/DynamicInputs/ValueFromCurve/Vector2DFromCurve.uasset" 336
"../../Plugins/FX/Niagara/Content/Modules/Update/Size/ScaleSpriteSizeBySpeed.uasset" 337
"../../../../../Users/MDS00001Y6/Documents/MiniProduction2/Mini2/Content/VFX/BloodHit/LiquidNORM.uasset" 338
"../../../../../Users/MDS00001Y6/Documents/MiniProduction2/Mini2/Content/VFX/BloodHit/LiquidGrey.uasset" 339
"../../../../../Users/MDS00001Y6/Documents/MiniProduction2/Mini2/Content/VFX/BloodHit/Blood1MAT.uasset" 340
"../../Plugins/FX/Niagara/Content/Enums/ENiagaraOrientationAxis.uasset" 341
"../../Plugins/FX/Niagara/Content/Functions/RandomUnitVector.uasset" 342
"../../Plugins/FX/Niagara/Content/Functions/RandomVector.uasset" 343
"../../Plugins/FX/Niagara/Content/Modules/Spawn/Location/CylinderLocation.uasset" 344
"../../../../../Users/MDS00001Y6/Documents/MiniProduction2/Mini2/Content/VFX/BloodHit/BloodHitFX.uasset" 345
"../../../../../Users/MDS00001Y6/Documents/MiniProduction2/Mini2/Content/Textures/FirstAid/first_aid_ROUGH.uasset" 346
"../../../../../Users/MDS00001Y6/Documents/MiniProduction2/Mini2/Content/Textures/FirstAid/first_aid_NORM.uasset" 347
"../../../../../Users/MDS00001Y6/Documents/MiniProduction2/Mini2/Content/Textures/FirstAid/first_aid_METAL.uasset" 348
"../../../../../Users/MDS00001Y6/Documents/MiniProduction2/Mini2/Content/Textures/FirstAid/first_aid_DIFF.uasset" 349
"../../../../../Users/MDS00001Y6/Documents/MiniProduction2/Mini2/Content/Textures/FirstAid/FirstAidMAT.uasset" 350
"../../../../../Users/MDS00001Y6/Documents/MiniProduction2/Mini2/Content/ObjectMeshes/first_aid.uasset" 351
"../../Plugins/FX/Niagara/Content/Enums/ENiagaraMeshTransforms.uasset" 352
"../../Plugins/FX/Niagara/Content/Modules/Update/Orientation/V2/MeshRotationForce.uasset" 353
"../../Plugins/FX/Niagara/Content/Functions/Rotation/AxisAngleToQuaternion.uasset" 354
"../../Plugins/FX/Niagara/Content/Functions/Rotation/MultiplyQuaternion.uasset" 355
"../../Plugins/FX/Niagara/Content/Modules/Solvers/ApplyRotationVector.uasset" 356
"../../Plugins/FX/Niagara/Content/Modules/Solvers/SolveRotationalForcesAndVelocity.uasset" 357
"../../../../../Users/MDS00001Y6/Documents/MiniProduction2/Mini2/Content/VFX/PickUps/VertStripes.uasset" 358
"../../../Engine/Content/Functions/Engine_MaterialFunctions01/Gradient/LinearGradient.uasset" 359
"../../../Engine/Content/Functions/Engine_MaterialFunctions01/ImageAdjustment/CheapContrast.uasset" 360
"../../../../../Users/MDS00001Y6/Documents/MiniProduction2/Mini2/Content/VFX/PickUps/RaysMAT.uasset" 361
"../../../../../Users/MDS00001Y6/Documents/MiniProduction2/Mini2/Content/VFX/MuzzleFlash/Flash2ALPHA.uasset" 362
"../../../../../Users/MDS00001Y6/Documents/MiniProduction2/Mini2/Content/VFX/MuzzleFlash/Flash2MAT.uasset" 363
"../../../../../Users/MDS00001Y6/Documents/MiniProduction2/Mini2/Content/VFX/MuzzleFlash/FlashObject2.uasset" 364
"../../Plugins/FX/Niagara/Content/Modules/Spawn/Orientation/V3/InitialMeshOrientation.uasset" 365
"../../Plugins/FX/Niagara/Content/Modules/Solvers/ApplyInitialForces.uasset" 366
"../../../../../Users/MDS00001Y6/Documents/MiniProduction2/Mini2/Content/VFX/PickUps/PickUpGreenFX.uasset" 367
"../../../../../Users/MDS00001Y6/Documents/MiniProduction2/Mini2/Content/Guns/HealthActor.uasset" 368
"../../../../../Users/MDS00001Y6/Documents/MiniProduction2/Mini2/Content/Textures/AmmoClip/Ammo_clip_ROUGH.uasset" 369
"../../../../../Users/MDS00001Y6/Documents/MiniProduction2/Mini2/Content/Textures/AmmoClip/Ammo_clip_NORM.uasset" 370
"../../../../../Users/MDS00001Y6/Documents/MiniProduction2/Mini2/Content/Textures/AmmoClip/Ammo_clip_METAL.uasset" 371
"../../../../../Users/MDS00001Y6/Documents/MiniProduction2/Mini2/Content/Textures/AmmoClip/Ammo_clip_DIFF.uasset" 372
"../../../../../Users/MDS00001Y6/Documents/MiniProduction2/Mini2/Content/Textures/AmmoClip/AmmoClipMAT.uasset" 373
"../../../../../Users/MDS00001Y6/Documents/MiniProduction2/Mini2/Content/ObjectMeshes/Ammo_clip.uasset" 374
"../../../../../Users/MDS00001Y6/Documents/MiniProduction2/Mini2/Content/VFX/PickUps/PickUpBlueFX.uasset" 375
"../../../../../Users/MDS00001Y6/Documents/MiniProduction2/Mini2/Content/Guns/AmmoActor.uasset" 376
"../../../../../Users/MDS00001Y6/Documents/MiniProduction2/Mini2/Content/Enemies/Zombies/AI/ZombieAI.uasset" 377
"../../../../../Users/MDS00001Y6/Documents/MiniProduction2/Mini2/Content/DamageTypes/Explosion_DamageType.uasset" 378
"../../../../../Users/MDS00001Y6/Documents/MiniProduction2/Mini2/Content/Animations/ZombieSmall/Enemy_Running_2_ANI.uasset" 379
"../../../../../Users/MDS00001Y6/Documents/MiniProduction2/Mini2/Content/Animations/ZombieSmall/Enemy_Running_1_ANI.uasset" 380
"../../../../../Users/MDS00001Y6/Documents/MiniProduction2/Mini2/Content/Animations/ZombieSmall/Enemy_Idel_ANI_Anim.uasset" 381
"../../../../../Users/MDS00001Y6/Documents/MiniProduction2/Mini2/Content/Animations/ZombieSmall/Enemy_Idel_2_ANI.uasset" 382
"../../../../../Users/MDS00001Y6/Documents/MiniProduction2/Mini2/Content/Animations/ZombieSmall/Enemy_been_hit_2_ANI.uasset" 383
"../../../../../Users/MDS00001Y6/Documents/MiniProduction2/Mini2/Content/Animations/ZombieSmall/Enemy_been_hit_1_ANI.uasset" 384
"../../../../../Users/MDS00001Y6/Documents/MiniProduction2/Mini2/Content/Animations/ZombieSmall/Enemy_Attack_2_ANI.uasset" 385
"../../../../../Users/MDS00001Y6/Documents/MiniProduction2/Mini2/Content/Animations/ZombieSmall/Enemy_Attack_1_ANI.uasset" 386
"../../../../../Users/MDS00001Y6/Documents/MiniProduction2/Mini2/Content/Animations/ZombieSmall/SmallZombiesAnims.uasset" 387
"../../../../../Users/MDS00001Y6/Documents/MiniProduction2/Mini2/Content/Enemies/Zombies/ZombieParent.uasset" 388
"../../../../../Users/MDS00001Y6/Documents/MiniProduction2/Mini2/Content/Animations/BigZombie/boss_Idel_PhysicsAsset.uasset" 389
"../../../../../Users/MDS00001Y6/Documents/MiniProduction2/Mini2/Content/Textures/Zombies/New_Zombie_boss_UV__NORM.uasset" 390
"../../../../../Users/MDS00001Y6/Documents/MiniProduction2/Mini2/Content/Textures/Zombies/New_Zombie_boss_ROUGH.uasset" 391
"../../../../../Users/MDS00001Y6/Documents/MiniProduction2/Mini2/Content/Textures/Zombies/New_Zombie_boss_METAL.uasset" 392
"../../../../../Users/MDS00001Y6/Documents/MiniProduction2/Mini2/Content/Textures/Zombies/New_Zombie_boss_DIFF.uasset" 393
"../../../../../Users/MDS00001Y6/Documents/MiniProduction2/Mini2/Content/Textures/Zombies/BossZomMAT.uasset" 394
"../../../../../Users/MDS00001Y6/Documents/MiniProduction2/Mini2/Content/Animations/BigZombie/boss_Idel.uasset" 395
"../../../../../Users/MDS00001Y6/Documents/MiniProduction2/Mini2/Content/Animations/ZombieSmall/ZomAttack2_AnimMontage.uasset" 396
"../../../../../Users/MDS00001Y6/Documents/MiniProduction2/Mini2/Content/Animations/ZombieSmall/ZomAttack1_AnimMontage.uasset" 397
"../../../../../Users/MDS00001Y6/Documents/MiniProduction2/Mini2/Content/Enemies/Zombies/Tank_Zombie.uasset" 398
"../../Plugins/FX/Niagara/Content/Modules/Update/Forces/V2/PointAttractionForce.uasset" 399
"../../Plugins/FX/Niagara/Content/Functions/CalculateTriangleArea.uasset" 400
"../../Plugins/FX/Niagara/Content/Modules/Spawn/MeshInterface/Initialize_MeshReproductionSprite.uasset" 401
"../../Plugins/FX/Niagara/Content/DynamicInputs/Helpers/SimulationPosition.uasset" 402
"../../Plugins/FX/Niagara/Content/DynamicInputs/Add/Add_Vector.uasset" 403
"../../Plugins/FX/Niagara/Content/Modules/Update/Size/ScaleSpriteSize.uasset" 404
"../../../../../Users/MDS00001Y6/Documents/MiniProduction2/Mini2/Content/VFX/FlamingZombie/FireSpritesheet.uasset" 405
"../../../../../Users/MDS00001Y6/Documents/MiniProduction2/Mini2/Content/VFX/FlamingZombie/FlamingMAT.uasset" 406
"../../../../../Users/MDS00001Y6/Documents/MiniProduction2/Mini2/Content/VFX/FlamingZombie/EmberMAT.uasset" 407
"../../../../../Users/MDS00001Y6/Documents/MiniProduction2/Mini2/Content/VFX/FlamingZombie/WaveNORM.uasset" 408
"../../../../../Users/MDS00001Y6/Documents/MiniProduction2/Mini2/Content/VFX/FlamingZombie/DistortionMAT.uasset" 409
"../../../../../Users/MDS00001Y6/Documents/MiniProduction2/Mini2/Content/Animations/ZombieSmall/Enemy_Idel_ANI_PhysicsAsset.uasset" 410
"../../../../../Users/MDS00001Y6/Documents/MiniProduction2/Mini2/Content/Textures/Zombies/Zombie_ROUGH.uasset" 411
"../../../../../Users/MDS00001Y6/Documents/MiniProduction2/Mini2/Content/Textures/Zombies/Zombie_NORM.uasset" 412
"../../../../../Users/MDS00001Y6/Documents/MiniProduction2/Mini2/Content/Textures/Zombies/Zombie_METAL.uasset" 413
"../../../../../Users/MDS00001Y6/Documents/MiniProduction2/Mini2/Content/Textures/Zombies/Zombie_DIFF.uasset" 414
"../../../../../Users/MDS00001Y6/Documents/MiniProduction2/Mini2/Content/Textures/Zombies/Zombie1MAT.uasset" 415
"../../../../../Users/MDS00001Y6/Documents/MiniProduction2/Mini2/Content/Animations/ZombieSmall/Enemy_Idel_ANI.uasset" 416
"../../../../../Users/MDS00001Y6/Documents/MiniProduction2/Mini2/Content/VFX/FlamingZombie/FlamingZom_FX.uasset" 417
"../../../Engine/Content/BasicShapes/BasicShapeMaterial.uasset" 418
"../../../../../Users/MDS00001Y6/Documents/MiniProduction2/Mini2/Content/VFX/BloodExplosion/PlaneMesh.uasset" 419
"../../Plugins/FX/Niagara/Content/Modules/Update/Size/ScaleMeshSize.uasset" 420
"../../Plugins/FX/Niagara/Content/DynamicInputs/TypeConversions/VectorFromFloat.uasset" 421
"../../../../../Users/MDS00001Y6/Documents/MiniProduction2/Mini2/Content/VFX/RubbleFires/Explosion2Grey.uasset" 422
"../../../../../Users/MDS00001Y6/Documents/MiniProduction2/Mini2/Content/VFX/RubbleFires/ExplosiveSmokeMAT.uasset" 423
"../../../../../Users/MDS00001Y6/Documents/MiniProduction2/Mini2/Content/VFX/BloodExplosion/SplatterAlpha.uasset" 424
"../../../../../Users/MDS00001Y6/Documents/MiniProduction2/Mini2/Content/VFX/BloodExplosion/SplatterMAT.uasset" 425
"../../../../../Users/MDS00001Y6/Documents/MiniProduction2/Mini2/Content/VFX/BloodExplosion/DropletSheet.uasset" 426
"../../../../../Users/MDS00001Y6/Documents/MiniProduction2/Mini2/Content/VFX/BloodExplosion/DropletAlpha.uasset" 427
"../../../../../Users/MDS00001Y6/Documents/MiniProduction2/Mini2/Content/VFX/BloodExplosion/DripsNORM.uasset" 428
"../../../../../Users/MDS00001Y6/Documents/MiniProduction2/Mini2/Content/VFX/BloodExplosion/DropletMAT.uasset" 429
"../../../../../Users/MDS00001Y6/Documents/MiniProduction2/Mini2/Content/VFX/BloodExplosion/Gundge2Alpha.uasset" 430
"../../../../../Users/MDS00001Y6/Documents/MiniProduction2/Mini2/Content/VFX/BloodExplosion/GrundgeNORM.uasset" 431
"../../../../../Users/MDS00001Y6/Documents/MiniProduction2/Mini2/Content/VFX/BloodExplosion/GrundgeAlpha.uasset" 432
"../../../../../Users/MDS00001Y6/Documents/MiniProduction2/Mini2/Content/VFX/BloodExplosion/BloodDecalMAT.uasset" 433
"../../../../../Users/MDS00001Y6/Documents/MiniProduction2/Mini2/Content/VFX/BloodExplosion/BloodExplosion.uasset" 434
"../../../../../Users/MDS00001Y6/Documents/MiniProduction2/Mini2/Content/Enemies/Zombies/Fire_Zombie.uasset" 435
"../../../../../Users/MDS00001Y6/Documents/MiniProduction2/Mini2/Content/Enemies/Zombies/Basic_Zombie.uasset" 436
"../../../../../Users/MDS00001Y6/Documents/MiniProduction2/Mini2/Content/Enemies/Zombies/Spawning/EnemySpawner.uasset" 437
"../../../../../Users/MDS00001Y6/Documents/MiniProduction2/Mini2/Content/Textures/NewBuildings/Building3/buinding3_ROUGH.uasset" 438
"../../../../../Users/MDS00001Y6/Documents/MiniProduction2/Mini2/Content/Textures/NewBuildings/Building3/buinding3_NORM.uasset" 439
"../../../../../Users/MDS00001Y6/Documents/MiniProduction2/Mini2/Content/Textures/NewBuildings/Building3/buinding3_new02_DIFF.uasset" 440
"../../../../../Users/MDS00001Y6/Documents/MiniProduction2/Mini2/Content/Textures/NewBuildings/Building3/buinding3_new01_DIFF.uasset" 441
"../../../../../Users/MDS00001Y6/Documents/MiniProduction2/Mini2/Content/Textures/NewBuildings/Building3/buinding3_METAL.uasset" 442
"../../../../../Users/MDS00001Y6/Documents/MiniProduction2/Mini2/Content/Textures/NewBuildings/Building3/buinding3_DIFF.uasset" 443
"../../../../../Users/MDS00001Y6/Documents/MiniProduction2/Mini2/Content/Textures/NewBuildings/Building1/Building1_new_NORM.uasset" 444
"../../../../../Users/MDS00001Y6/Documents/MiniProduction2/Mini2/Content/Textures/NewBuildings/Building1/Building1_new_DIFF.uasset" 445
"../../../../../Users/MDS00001Y6/Documents/MiniProduction2/Mini2/Content/Textures/NewBuildings/Building1/Building1_new3_ROUGH.uasset" 446
"../../../../../Users/MDS00001Y6/Documents/MiniProduction2/Mini2/Content/Textures/NewBuildings/Building1/Building1_new3_DIFF.uasset" 447
"../../../../../Users/MDS00001Y6/Documents/MiniProduction2/Mini2/Content/Textures/NewBuildings/Building1/Building1_new2_METAL.uasset" 448
"../../../../../Users/MDS00001Y6/Documents/MiniProduction2/Mini2/Content/Textures/NewBuildings/Building1/Building1_new2_DIFF.uasset" 449
"../../../../../Users/MDS00001Y6/Documents/MiniProduction2/Mini2/Content/Sounds/Music/Gameplay.uasset" 450
"../../../../../Users/MDS00001Y6/Documents/MiniProduction2/Mini2/Content/Sounds/Music/CityAmbience.uasset" 451
"../../../../../Users/MDS00001Y6/Documents/MiniProduction2/Mini2/Content/Sounds/SoundEffects/Helicopter.uasset" 452
"../../../../../Users/MDS00001Y6/Documents/MiniProduction2/Mini2/Content/Sounds/HelicopterBlades.uasset" 453
"../../../../../Users/MDS00001Y6/Documents/MiniProduction2/Mini2/Content/Sounds/SoundEffects/Fire.uasset" 454
"../../../../../Users/MDS00001Y6/Documents/MiniProduction2/Mini2/Content/Sounds/Fire.uasset" 455
"../../../../../Users/MDS00001Y6/Documents/MiniProduction2/Mini2/Content/Sounds/SoundEffects/Car_Alarm.uasset" 456
"../../../../../Users/MDS00001Y6/Documents/MiniProduction2/Mini2/Content/Sounds/CarAlarm.uasset" 457
"../../../../../Users/MDS00001Y6/Documents/MiniProduction2/Mini2/Content/Textures/Signs/Triangle/Triangle_sign_ROUGH.uasset" 458
"../../../../../Users/MDS00001Y6/Documents/MiniProduction2/Mini2/Content/Textures/Signs/Triangle/Triangle_sign_NORM.uasset" 459
"../../../../../Users/MDS00001Y6/Documents/MiniProduction2/Mini2/Content/Textures/Signs/Triangle/Triangle_sign_METAL.uasset" 460
"../../../../../Users/MDS00001Y6/Documents/MiniProduction2/Mini2/Content/Textures/Signs/Triangle/Triangle_sign_DIFF.uasset" 461
"../../../../../Users/MDS00001Y6/Documents/MiniProduction2/Mini2/Content/Textures/Signs/Triangle/TriangleSign.uasset" 462
"../../../../../Users/MDS00001Y6/Documents/MiniProduction2/Mini2/Content/ObjectMeshes/Triangle_sign_broken.uasset" 463
"../../../../../Users/MDS00001Y6/Documents/MiniProduction2/Mini2/Content/Textures/TrafficLight/trafficlight1_Roughness.uasset" 464
"../../../../../Users/MDS00001Y6/Documents/MiniProduction2/Mini2/Content/Textures/TrafficLight/trafficlight1_Normal.uasset" 465
"../../../../../Users/MDS00001Y6/Documents/MiniProduction2/Mini2/Content/Textures/TrafficLight/trafficlight1_Metallic.uasset" 466
"../../../../../Users/MDS00001Y6/Documents/MiniProduction2/Mini2/Content/Textures/TrafficLight/trafficlight1_Base_Color.uasset" 467
"../../../../../Users/MDS00001Y6/Documents/MiniProduction2/Mini2/Content/Textures/TrafficLight/LightsMAT.uasset" 468
"../../../../../Users/MDS00001Y6/Documents/MiniProduction2/Mini2/Content/ObjectMeshes/TRAFFIC_LIGHT_1.uasset" 469
"../../../../../Users/MDS00001Y6/Documents/MiniProduction2/Mini2/Content/Textures/SupplyCrate/Supply_crates_ROUGH.uasset" 470
"../../../../../Users/MDS00001Y6/Documents/MiniProduction2/Mini2/Content/Textures/SupplyCrate/Supply_crates_NORM.uasset" 471
"../../../../../Users/MDS00001Y6/Documents/MiniProduction2/Mini2/Content/Textures/SupplyCrate/Supply_crates_METAL.uasset" 472
"../../../../../Users/MDS00001Y6/Documents/MiniProduction2/Mini2/Content/Textures/SupplyCrate/Supply_crates_DIFF.uasset" 473
"../../../../../Users/MDS00001Y6/Documents/MiniProduction2/Mini2/Content/Textures/SupplyCrate/SupplyCrateMAT.uasset" 474
"../../../../../Users/MDS00001Y6/Documents/MiniProduction2/Mini2/Content/ObjectMeshes/Supply_crate.uasset" 475
"../../../../../Users/MDS00001Y6/Documents/MiniProduction2/Mini2/Content/Textures/RoadBlock/square_roadblock_ROUGH.uasset" 476
"../../../../../Users/MDS00001Y6/Documents/MiniProduction2/Mini2/Content/Textures/RoadBlock/square_roadblock_NORM.uasset" 477
"../../../../../Users/MDS00001Y6/Documents/MiniProduction2/Mini2/Content/Textures/RoadBlock/square_roadblock_METAL.uasset" 478
"../../../../../Users/MDS00001Y6/Documents/MiniProduction2/Mini2/Content/Textures/RoadBlock/square_roadblock_DIFF.uasset" 479
"../../../../../Users/MDS00001Y6/Documents/MiniProduction2/Mini2/Content/Textures/RoadBlock/RoadblockMAT.uasset" 480
"../../../../../Users/MDS00001Y6/Documents/MiniProduction2/Mini2/Content/ObjectMeshes/square_roadblock.uasset" 481
"../../../../../Users/MDS00001Y6/Documents/MiniProduction2/Mini2/Content/Textures/RubblePiles/Rubble3_Roughness.uasset" 482
"../../../../../Users/MDS00001Y6/Documents/MiniProduction2/Mini2/Content/Textures/RubblePiles/Rubble3_Normal.uasset" 483
"../../../../../Users/MDS00001Y6/Documents/MiniProduction2/Mini2/Content/Textures/RubblePiles/Rubble3_Base_Color.uasset" 484
"../../../../../Users/MDS00001Y6/Documents/MiniProduction2/Mini2/Content/Textures/RubblePiles/RubblePile3MAT.uasset" 485
"../../../../../Users/MDS00001Y6/Documents/MiniProduction2/Mini2/Content/ObjectMeshes/RUBBLE_PILE_3.uasset" 486
"../../../../../Users/MDS00001Y6/Documents/MiniProduction2/Mini2/Content/Textures/RubblePiles/Rubble2_Roughness.uasset" 487
"../../../../../Users/MDS00001Y6/Documents/MiniProduction2/Mini2/Content/Textures/RubblePiles/Rubble2_Normal.uasset" 488
"../../../../../Users/MDS00001Y6/Documents/MiniProduction2/Mini2/Content/Textures/RubblePiles/Rubble2_Base_Color.uasset" 489
"../../../../../Users/MDS00001Y6/Documents/MiniProduction2/Mini2/Content/Textures/RubblePiles/RubblePile2MAT.uasset" 490
"../../../../../Users/MDS00001Y6/Documents/MiniProduction2/Mini2/Content/ObjectMeshes/RUBBLE_PILE_2.uasset" 491
"../../../../../Users/MDS00001Y6/Documents/MiniProduction2/Mini2/Content/Textures/RubblePiles/Rubble1_Roughness.uasset" 492
"../../../../../Users/MDS00001Y6/Documents/MiniProduction2/Mini2/Content/Textures/RubblePiles/Rubble1_Normal.uasset" 493
"../../../../../Users/MDS00001Y6/Documents/MiniProduction2/Mini2/Content/Textures/RubblePiles/Rubble1_Base_Color.uasset" 494
"../../../../../Users/MDS00001Y6/Documents/MiniProduction2/Mini2/Content/Textures/RubblePiles/RubblePile1MAT.uasset" 495
"../../../../../Users/MDS00001Y6/Documents/MiniProduction2/Mini2/Content/ObjectMeshes/RUBBLE_PILE_1.uasset" 496
"../../../../../Users/MDS00001Y6/Documents/MiniProduction2/Mini2/Content/Textures/RoadCone/roadblock_ROUGH.uasset" 497
"../../../../../Users/MDS00001Y6/Documents/MiniProduction2/Mini2/Content/Textures/RoadCone/roadblock_NORM.uasset" 498
"../../../../../Users/MDS00001Y6/Documents/MiniProduction2/Mini2/Content/Textures/RoadCone/roadblock_METAL.uasset" 499
"../../../../../Users/MDS00001Y6/Documents/MiniProduction2/Mini2/Content/Textures/RoadCone/roadblock_DIFF.uasset" 500
"../../../../../Users/MDS00001Y6/Documents/MiniProduction2/Mini2/Content/Textures/RoadCone/RoadConeMAT.uasset" 501
"../../../../../Users/MDS00001Y6/Documents/MiniProduction2/Mini2/Content/ObjectMeshes/roadblock.uasset" 502
"../../../../../Users/MDS00001Y6/Documents/MiniProduction2/Mini2/Content/Textures/Signs/Road/road_sign_ROUGH.uasset" 503
"../../../../../Users/MDS00001Y6/Documents/MiniProduction2/Mini2/Content/Textures/Signs/Road/road_sign_NORM.uasset" 504
"../../../../../Users/MDS00001Y6/Documents/MiniProduction2/Mini2/Content/Textures/Signs/Road/road_sign_metal.uasset" 505
"../../../../../Users/MDS00001Y6/Documents/MiniProduction2/Mini2/Content/Textures/Signs/Road/road_sign_DIFF.uasset" 506
"../../../../../Users/MDS00001Y6/Documents/MiniProduction2/Mini2/Content/Textures/Signs/Road/RoadSignMAT.uasset" 507
"../../../../../Users/MDS00001Y6/Documents/MiniProduction2/Mini2/Content/ObjectMeshes/road_sign.uasset" 508
"../../../../../Users/MDS00001Y6/Documents/MiniProduction2/Mini2/Content/Textures/Signs/Rectangle/rectangle_Sign_ROUGH.uasset" 509
"../../../../../Users/MDS00001Y6/Documents/MiniProduction2/Mini2/Content/Textures/Signs/Rectangle/rectangle_Sign_NORM.uasset" 510
"../../../../../Users/MDS00001Y6/Documents/MiniProduction2/Mini2/Content/Textures/Signs/Rectangle/rectangle_Sign_METAL.uasset" 511
"../../../../../Users/MDS00001Y6/Documents/MiniProduction2/Mini2/Content/Textures/Signs/Rectangle/rectangle_Sign_DIFF.uasset" 512
"../../../../../Users/MDS00001Y6/Documents/MiniProduction2/Mini2/Content/Textures/Signs/Rectangle/RectangleSignMAT.uasset" 513
"../../../../../Users/MDS00001Y6/Documents/MiniProduction2/Mini2/Content/ObjectMeshes/rectangle_Sign_broken.uasset" 514
"../../../../../Users/MDS00001Y6/Documents/MiniProduction2/Mini2/Content/Textures/PostOfficeBox/post_office_box_Roughness.uasset" 515
"../../../../../Users/MDS00001Y6/Documents/MiniProduction2/Mini2/Content/Textures/PostOfficeBox/post_office_box_Normal.uasset" 516
"../../../../../Users/MDS00001Y6/Documents/MiniProduction2/Mini2/Content/Textures/PostOfficeBox/post_office_box_Base_Color.uasset" 517
"../../../../../Users/MDS00001Y6/Documents/MiniProduction2/Mini2/Content/Textures/PostOfficeBox/PostBoxMAT.uasset" 518
"../../../../../Users/MDS00001Y6/Documents/MiniProduction2/Mini2/Content/ObjectMeshes/post_office_box_pCylinder2.uasset" 519
"../../../../../Users/MDS00001Y6/Documents/MiniProduction2/Mini2/Content/Textures/TrashBin/New_Trash_Bin_UV_ROUGH.uasset" 520
"../../../../../Users/MDS00001Y6/Documents/MiniProduction2/Mini2/Content/Textures/TrashBin/New_Trash_Bin_UV_NORM.uasset" 521
"../../../../../Users/MDS00001Y6/Documents/MiniProduction2/Mini2/Content/Textures/TrashBin/New_Trash_Bin_UV_METAL.uasset" 522
"../../../../../Users/MDS00001Y6/Documents/MiniProduction2/Mini2/Content/Textures/TrashBin/New_Trash_Bin_UV_DIFF.uasset" 523
"../../../../../Users/MDS00001Y6/Documents/MiniProduction2/Mini2/Content/Textures/TrashBin/BinLidMAT.uasset" 524
"../../../../../Users/MDS00001Y6/Documents/MiniProduction2/Mini2/Content/ObjectMeshes/New_Trash_Bin_UV.uasset" 525
"../../../../../Users/MDS00001Y6/Documents/MiniProduction2/Mini2/Content/Textures/Helipad/helipad_sign_Roughness.uasset" 526
"../../../../../Users/MDS00001Y6/Documents/MiniProduction2/Mini2/Content/Textures/Helipad/helipad_sign_Normal.uasset" 527
"../../../../../Users/MDS00001Y6/Documents/MiniProduction2/Mini2/Content/Textures/Helipad/helipad_sign_Metallic.uasset" 528
"../../../../../Users/MDS00001Y6/Documents/MiniProduction2/Mini2/Content/Textures/Helipad/helipad_sign_Base_Color.uasset" 529
"../../../../../Users/MDS00001Y6/Documents/MiniProduction2/Mini2/Content/Textures/Helipad/HelipadSignMAT.uasset" 530
"../../../../../Users/MDS00001Y6/Documents/MiniProduction2/Mini2/Content/Textures/Helipad/helipad_Roughness.uasset" 531
"../../../../../Users/MDS00001Y6/Documents/MiniProduction2/Mini2/Content/Textures/Helipad/helipad_Normal.uasset" 532
"../../../../../Users/MDS00001Y6/Documents/MiniProduction2/Mini2/Content/Textures/Helipad/helipad_Metallic.uasset" 533
"../../../../../Users/MDS00001Y6/Documents/MiniProduction2/Mini2/Content/Textures/Helipad/helipad_Base_Color.uasset" 534
"../../../../../Users/MDS00001Y6/Documents/MiniProduction2/Mini2/Content/Textures/Helipad/HelipadMAT.uasset" 535
"../../../../../Users/MDS00001Y6/Documents/MiniProduction2/Mini2/Content/ObjectMeshes/HELIPAD_ENVIRON.uasset" 536
"../../../../../Users/MDS00001Y6/Documents/MiniProduction2/Mini2/Content/Textures/Signs/Circle/Circle_sign__ROUGH.uasset" 537
"../../../../../Users/MDS00001Y6/Documents/MiniProduction2/Mini2/Content/Textures/Signs/Circle/Circle_sign__NORM.uasset" 538
"../../../../../Users/MDS00001Y6/Documents/MiniProduction2/Mini2/Content/Textures/Signs/Circle/Circle_sign__METAL.uasset" 539
"../../../../../Users/MDS00001Y6/Documents/MiniProduction2/Mini2/Content/Textures/Signs/Circle/Circle_sign__DIFF.uasset" 540
"../../../../../Users/MDS00001Y6/Documents/MiniProduction2/Mini2/Content/Textures/Signs/Circle/CircleSignMAT.uasset" 541
"../../../../../Users/MDS00001Y6/Documents/MiniProduction2/Mini2/Content/ObjectMeshes/Circle_sign.uasset" 542
"../../../../../Users/MDS00001Y6/Documents/MiniProduction2/Mini2/Content/Textures/Fence/FencePolesMAT.uasset" 543
"../../../../../Users/MDS00001Y6/Documents/MiniProduction2/Mini2/Content/Textures/Fence/ChainDiffuse.uasset" 544
"../../../../../Users/MDS00001Y6/Documents/MiniProduction2/Mini2/Content/Textures/Fence/FenceMAT.uasset" 545
"../../../../../Users/MDS00001Y6/Documents/MiniProduction2/Mini2/Content/ObjectMeshes/CHAIN_LINK_FENCE.uasset" 546
"../../../../../Users/MDS00001Y6/Documents/MiniProduction2/Mini2/Content/ObjectMeshes/Cars/broken_pickup_3wheel.uasset" 547
"../../../../../Users/MDS00001Y6/Documents/MiniProduction2/Mini2/Content/ObjectMeshes/Cars/broken_pickup.uasset" 548
"../../../../../Users/MDS00001Y6/Documents/MiniProduction2/Mini2/Content/ObjectMeshes/Cars/broken_car_3wheel.uasset" 549
"../../../../../Users/MDS00001Y6/Documents/MiniProduction2/Mini2/Content/ObjectMeshes/Cars/broken_car.uasset" 550
"../../../../../Users/MDS00001Y6/Documents/MiniProduction2/Mini2/Content/Textures/Hospital/Hospital_ROUGH.uasset" 551
"../../../../../Users/MDS00001Y6/Documents/MiniProduction2/Mini2/Content/Textures/Hospital/Hospital_NORM.uasset" 552
"../../../../../Users/MDS00001Y6/Documents/MiniProduction2/Mini2/Content/Textures/Hospital/Hospital_METAL.uasset" 553
"../../../../../Users/MDS00001Y6/Documents/MiniProduction2/Mini2/Content/Textures/Hospital/Hospital_DIFF.uasset" 554
"../../../../../Users/MDS00001Y6/Documents/MiniProduction2/Mini2/Content/Textures/Hospital/HospitalMAT.uasset" 555
"../../../../../Users/MDS00001Y6/Documents/MiniProduction2/Mini2/Content/ObjectMeshes/building1_new.uasset" 556
"../../../Engine/Content/BasicShapes/Cube.uasset" 557
"../../../../../Users/MDS00001Y6/Documents/MiniProduction2/Mini2/Content/VFX/RubbleFires/HugeFiresV2FX.uasset" 558
"../../../../../Users/MDS00001Y6/Documents/MiniProduction2/Mini2/Content/VFX/RubbleFires/ExplosionGrey.uasset" 559
"../../../../../Users/MDS00001Y6/Documents/MiniProduction2/Mini2/Content/VFX/RubbleFires/ExplosiveFireMAT.uasset" 560
"../../../../../Users/MDS00001Y6/Documents/MiniProduction2/Mini2/Content/VFX/RubbleFires/HugeFiresFX.uasset" 561
"../../../../../Users/MDS00001Y6/Documents/MiniProduction2/Mini2/Content/Textures/Road/SiderRoad_ROUGH.uasset" 562
"../../../../../Users/MDS00001Y6/Documents/MiniProduction2/Mini2/Content/Textures/Road/SiderRoad_NORM.uasset" 563
"../../../../../Users/MDS00001Y6/Documents/MiniProduction2/Mini2/Content/Textures/Road/SiderRoad_METAL.uasset" 564
"../../../../../Users/MDS00001Y6/Documents/MiniProduction2/Mini2/Content/Textures/Road/SiderRoad_DIFF.uasset" 565
"../../../Engine/Content/Functions/Engine_MaterialFunctions02/Texturing/CustomRotator.uasset" 566
"../../../../../Users/MDS00001Y6/Documents/MiniProduction2/Mini2/Content/Textures/Road/StoneRoadMAT.uasset" 567
"../../../../../Users/MDS00001Y6/Documents/MiniProduction2/Mini2/Content/Textures/Road/Road_ROUGH.uasset" 568
"../../../../../Users/MDS00001Y6/Documents/MiniProduction2/Mini2/Content/Textures/Road/Road_NORM.uasset" 569
"../../../../../Users/MDS00001Y6/Documents/MiniProduction2/Mini2/Content/Textures/Road/Road_METAL.uasset" 570
"../../../../../Users/MDS00001Y6/Documents/MiniProduction2/Mini2/Content/Textures/Road/Road_DIFF.uasset" 571
"../../../../../Users/MDS00001Y6/Documents/MiniProduction2/Mini2/Content/Textures/Road/RoadMAT.uasset" 572
"../../../../../Users/MDS00001Y6/Documents/MiniProduction2/Mini2/Content/Textures/Road/Crossroad_ROUGH.uasset" 573
"../../../../../Users/MDS00001Y6/Documents/MiniProduction2/Mini2/Content/Textures/Road/Crossroad_NORM.uasset" 574
"../../../../../Users/MDS00001Y6/Documents/MiniProduction2/Mini2/Content/Textures/Road/Crossroad_METAL.uasset" 575
"../../../../../Users/MDS00001Y6/Documents/MiniProduction2/Mini2/Content/Textures/Road/Crossroad_DIFF.uasset" 576
"../../../../../Users/MDS00001Y6/Documents/MiniProduction2/Mini2/Content/Textures/Road/RoadCrossMAT.uasset" 577
"../../../../../Users/MDS00001Y6/Documents/MiniProduction2/Mini2/Content/Textures/Road/RoadCorner_ROUGH.uasset" 578
"../../../../../Users/MDS00001Y6/Documents/MiniProduction2/Mini2/Content/Textures/Road/RoadCorner_NORM.uasset" 579
"../../../../../Users/MDS00001Y6/Documents/MiniProduction2/Mini2/Content/Textures/Road/RoadCorner_METAL.uasset" 580
"../../../../../Users/MDS00001Y6/Documents/MiniProduction2/Mini2/Content/Textures/Road/RoadCorner_DIFF.uasset" 581
"../../../../../Users/MDS00001Y6/Documents/MiniProduction2/Mini2/Content/Textures/Road/RoadCornerMAT.uasset" 582
"../../../../../Users/MDS00001Y6/Documents/MiniProduction2/Mini2/Content/Textures/PickUpTruck/broken_pickup_truck_White_DIFF.uasset" 583
"../../../../../Users/MDS00001Y6/Documents/MiniProduction2/Mini2/Content/Textures/PickUpTruck/broken_pickup_truck_ROUGH.uasset" 584
"../../../../../Users/MDS00001Y6/Documents/MiniProduction2/Mini2/Content/Textures/PickUpTruck/broken_pickup_truck_NORM.uasset" 585
"../../../../../Users/MDS00001Y6/Documents/MiniProduction2/Mini2/Content/Textures/PickUpTruck/broken_pickup_truck_METAL.uasset" 586
"../../../../../Users/MDS00001Y6/Documents/MiniProduction2/Mini2/Content/Textures/PickUpTruck/WhitePickUpMAT.uasset" 587
"../../../../../Users/MDS00001Y6/Documents/MiniProduction2/Mini2/Content/Textures/PickUpTruck/broken_pickup_truck_Orange_DIFF.uasset" 588
"../../../../../Users/MDS00001Y6/Documents/MiniProduction2/Mini2/Content/Textures/PickUpTruck/OrangePickUpMAT.uasset" 589
"../../../../../Users/MDS00001Y6/Documents/MiniProduction2/Mini2/Content/Textures/PickUpTruck/broken_pickup_truck_Blue_DIFF.uasset" 590
"../../../../../Users/MDS00001Y6/Documents/MiniProduction2/Mini2/Content/Textures/PickUpTruck/BluePickUpMAT.uasset" 591
"../../../../../Users/MDS00001Y6/Documents/MiniProduction2/Mini2/Content/Textures/PickUpTruck/broken_pickup_truck_Black_DIFF.uasset" 592
"../../../../../Users/MDS00001Y6/Documents/MiniProduction2/Mini2/Content/Textures/PickUpTruck/BlackPickUpMAT.uasset" 593
"../../../../../Users/MDS00001Y6/Documents/MiniProduction2/Mini2/Content/Textures/NewBuildings/Building4/buinding4_ROUGH.uasset" 594
"../../../../../Users/MDS00001Y6/Documents/MiniProduction2/Mini2/Content/Textures/NewBuildings/Building4/buinding4_NORM.uasset" 595
"../../../../../Users/MDS00001Y6/Documents/MiniProduction2/Mini2/Content/Textures/NewBuildings/Building4/buinding4_METAL.uasset" 596
"../../../../../Users/MDS00001Y6/Documents/MiniProduction2/Mini2/Content/Textures/NewBuildings/Building4RandMAT.uasset" 597
"../../../../../Users/MDS00001Y6/Documents/MiniProduction2/Mini2/Content/Textures/NewBuildings/Building3RandMAT.uasset" 598
"../../../../../Users/MDS00001Y6/Documents/MiniProduction2/Mini2/Content/Textures/NewBuildings/Building2RandMAT.uasset" 599
"../../../../../Users/MDS00001Y6/Documents/MiniProduction2/Mini2/Content/Textures/NewBuildings/Building1RandMAT.uasset" 600
"../../../../../Users/MDS00001Y6/Documents/MiniProduction2/Mini2/Content/Textures/HelipadLights/LightMAT.uasset" 601
"../../../../../Users/MDS00001Y6/Documents/MiniProduction2/Mini2/Content/Textures/Cars/broken_car_red_DIFF.uasset" 602
"../../../../../Users/MDS00001Y6/Documents/MiniProduction2/Mini2/Content/Textures/Cars/broken_car_white_ROUGH.uasset" 603
"../../../../../Users/MDS00001Y6/Documents/MiniProduction2/Mini2/Content/Textures/Cars/broken_car_white_NORM.uasset" 604
"../../../../../Users/MDS00001Y6/Documents/MiniProduction2/Mini2/Content/Textures/Cars/broken_car_white_METAL.uasset" 605
"../../../../../Users/MDS00001Y6/Documents/MiniProduction2/Mini2/Content/Textures/Cars/RedCarMAT.uasset" 606
"../../../../../Users/MDS00001Y6/Documents/MiniProduction2/Mini2/Content/Textures/Cars/broken_car_blue_DIFF.uasset" 607
"../../../../../Users/MDS00001Y6/Documents/MiniProduction2/Mini2/Content/Textures/Cars/BlueCarMAT.uasset" 608
"../../../../../Users/MDS00001Y6/Documents/MiniProduction2/Mini2/Content/Textures/Cars/broken_car_black_DIFF.uasset" 609
"../../../../../Users/MDS00001Y6/Documents/MiniProduction2/Mini2/Content/Textures/Cars/BlackCarMAT.uasset" 610
"../../../../../Users/MDS00001Y6/Documents/MiniProduction2/Mini2/Content/Levels/CityLevel_BuiltData.uasset" 611
"../../../../../Users/MDS00001Y6/Documents/MiniProduction2/Mini2/Content/Waypoint/DiamondAlpha.uasset" 612
"../../../../../Users/MDS00001Y6/Documents/MiniProduction2/Mini2/Content/Waypoint/Waypoint.uasset" 613
"../../../../../Users/MDS00001Y6/Documents/MiniProduction2/Mini2/Content/Waypoint/Waypoint_Widget.uasset" 614
"../../../../../Users/MDS00001Y6/Documents/MiniProduction2/Mini2/Content/Waypoint/Waypoint_Actor.uasset" 615
"../../../../../Users/MDS00001Y6/Documents/MiniProduction2/Mini2/Content/ObjectMeshes/Buildings/buinding4_new.uasset" 616
"../../../../../Users/MDS00001Y6/Documents/MiniProduction2/Mini2/Content/ObjectMeshes/Buildings/buinding3_new.uasset" 617
"../../../../../Users/MDS00001Y6/Documents/MiniProduction2/Mini2/Content/ObjectMeshes/Buildings/buinding2_new.uasset" 618
"../../../../../Users/MDS00001Y6/Documents/MiniProduction2/Mini2/Content/ObjectMeshes/Buildings/Building1_new.uasset" 619
"../../../../../Users/MDS00001Y6/Documents/MiniProduction2/Mini2/Content/Textures/NewBuildings/Building4/buinding4_DIFF.uasset" 620
"../../../../../Users/MDS00001Y6/Documents/MiniProduction2/Mini2/Content/Textures/NewBuildings/Building4/buinding4_02_DIFF.uasset" 621
"../../../../../Users/MDS00001Y6/Documents/MiniProduction2/Mini2/Content/Textures/NewBuildings/Building4/buinding4_01_DIFF.uasset" 622
"../../../../../Users/MDS00001Y6/Documents/MiniProduction2/Mini2/Content/ObjectMeshes/RandomSmallBuilding4x4ACT.uasset" 623
"../../../../../Users/MDS00001Y6/Documents/MiniProduction2/Mini2/Content/ObjectMeshes/RandomSmallBuilding2x2ACT1.uasset" 624
"../../../../../Users/MDS00001Y6/Documents/MiniProduction2/Mini2/Content/Textures/StreetLamp/street_light_ROUGH.uasset" 625
"../../../../../Users/MDS00001Y6/Documents/MiniProduction2/Mini2/Content/Textures/StreetLamp/street_light_NORM.uasset" 626
"../../../../../Users/MDS00001Y6/Documents/MiniProduction2/Mini2/Content/Textures/StreetLamp/street_light_METAL.uasset" 627
"../../../../../Users/MDS00001Y6/Documents/MiniProduction2/Mini2/Content/Textures/StreetLamp/street_light_DIFF.uasset" 628
"../../../Engine/Content/Functions/Engine_MaterialFunctions02/Lerp_3Color.uasset" 629
"../../../../../Users/MDS00001Y6/Documents/MiniProduction2/Mini2/Content/Textures/StreetLamp/StreetLampMAT.uasset" 630
"../../../../../Users/MDS00001Y6/Documents/MiniProduction2/Mini2/Content/ObjectMeshes/street_light_UV.uasset" 631
"../../../../../Users/MDS00001Y6/Documents/MiniProduction2/Mini2/Content/ObjectMeshes/MeshActors/LightACTOR.uasset" 632
"../../../../../Users/MDS00001Y6/Documents/MiniProduction2/Mini2/Content/Sounds/Music/WinResultsScreen.uasset" 633
"../../../../../Users/MDS00001Y6/Documents/MiniProduction2/Mini2/Content/UI/Menus/ResultsWin/ResultsScreen.uasset" 634
"../../../../../Users/MDS00001Y6/Documents/MiniProduction2/Mini2/Content/Textures/Helicopter/helicopter_ROUGH.uasset" 635
"../../../../../Users/MDS00001Y6/Documents/MiniProduction2/Mini2/Content/Textures/Helicopter/helicopter_Opacity.uasset" 636
"../../../../../Users/MDS00001Y6/Documents/MiniProduction2/Mini2/Content/Textures/Helicopter/helicopter_NORM.uasset" 637
"../../../../../Users/MDS00001Y6/Documents/MiniProduction2/Mini2/Content/Textures/Helicopter/helicopter_METAL.uasset" 638
"../../../../../Users/MDS00001Y6/Documents/MiniProduction2/Mini2/Content/Textures/Helicopter/helicopter_DIFF.uasset" 639
"../../../../../Users/MDS00001Y6/Documents/MiniProduction2/Mini2/Content/Textures/Helicopter/HelicopterGlassMAT.uasset" 640
"../../../../../Users/MDS00001Y6/Documents/MiniProduction2/Mini2/Content/Textures/Helicopter/HelicopterMAT.uasset" 641
"../../../../../Users/MDS00001Y6/Documents/MiniProduction2/Mini2/Content/ObjectMeshes/Helicopter_Mainbody.uasset" 642
"../../../../../Users/MDS00001Y6/Documents/MiniProduction2/Mini2/Content/ObjectMeshes/HeliBladeSmall.uasset" 643
"../../../../../Users/MDS00001Y6/Documents/MiniProduction2/Mini2/Content/ObjectMeshes/HeliBladeBig.uasset" 644
"../../../../../Users/MDS00001Y6/Documents/MiniProduction2/Mini2/Content/ObjectMeshes/MeshActors/HelicoptorACT.uasset" 645
"../../../../../Users/MDS00001Y6/Documents/MiniProduction2/Mini2/Content/Textures/Bus/Bus_UV_ROUGH.uasset" 646
"../../../../../Users/MDS00001Y6/Documents/MiniProduction2/Mini2/Content/Textures/Bus/Bus_UV_NORM.uasset" 647
"../../../../../Users/MDS00001Y6/Documents/MiniProduction2/Mini2/Content/Textures/Bus/Bus_UV_METAL.uasset" 648
"../../../../../Users/MDS00001Y6/Documents/MiniProduction2/Mini2/Content/Textures/Bus/Bus_UV_DIFF.uasset" 649
"../../../../../Users/MDS00001Y6/Documents/MiniProduction2/Mini2/Content/Textures/Bus/BusMAT.uasset" 650
"../../../../../Users/MDS00001Y6/Documents/MiniProduction2/Mini2/Content/ObjectMeshes/Bus_UV.uasset" 651
"../../../../../Users/MDS00001Y6/Documents/MiniProduction2/Mini2/Content/ObjectMeshes/MeshActors/BusActor.uasset" 652
"../../../../../Users/MDS00001Y6/Documents/MiniProduction2/Mini2/Content/Textures/Bench/bench_Roughness.uasset" 653
"../../../../../Users/MDS00001Y6/Documents/MiniProduction2/Mini2/Content/Textures/Bench/bench_Normal.uasset" 654
"../../../../../Users/MDS00001Y6/Documents/MiniProduction2/Mini2/Content/Textures/Bench/bench_Metallic.uasset" 655
"../../../../../Users/MDS00001Y6/Documents/MiniProduction2/Mini2/Content/Textures/Bench/bench_Base_Color.uasset" 656
"../../../../../Users/MDS00001Y6/Documents/MiniProduction2/Mini2/Content/Textures/Bench/BenchMAT.uasset" 657
"../../../../../Users/MDS00001Y6/Documents/MiniProduction2/Mini2/Content/ObjectMeshes/bench_pCube24.uasset" 658
"../../../../../Users/MDS00001Y6/Documents/MiniProduction2/Mini2/Content/ObjectMeshes/MeshActors/BenchACT.uasset" 659
"../../../../../Users/MDS00001Y6/Documents/MiniProduction2/Mini2/Content/Textures/Cars/broken_car_white_DIFF.uasset" 660
"../../../../../Users/MDS00001Y6/Documents/MiniProduction2/Mini2/Content/Textures/Cars/WhiteCarMAT.uasset" 661
"../../../../../Users/MDS00001Y6/Documents/MiniProduction2/Mini2/Content/UI/Menus/MainMenu/BackHover.uasset" 662
"../../../../../Users/MDS00001Y6/Documents/MiniProduction2/Mini2/Content/UI/Menus/MainMenu/BackClick.uasset" 663
"../../../../../Users/MDS00001Y6/Documents/MiniProduction2/Mini2/Content/UI/Menus/PauseMenu/ResumeHover.uasset" 664
"../../../../../Users/MDS00001Y6/Documents/MiniProduction2/Mini2/Content/UI/Menus/PauseMenu/ResumeClick.uasset" 665
"../../../../../Users/MDS00001Y6/Documents/MiniProduction2/Mini2/Content/UI/Menus/MainMenu/WhiteSlider.uasset" 666
"../../../../../Users/MDS00001Y6/Documents/MiniProduction2/Mini2/Content/UI/Menus/MainMenu/VSync.uasset" 667
"../../../../../Users/MDS00001Y6/Documents/MiniProduction2/Mini2/Content/UI/Menus/MainMenu/Volume.uasset" 668
"../../../../../Users/MDS00001Y6/Documents/MiniProduction2/Mini2/Content/UI/Menus/MainMenu/SettingsHover.uasset" 669
"../../../../../Users/MDS00001Y6/Documents/MiniProduction2/Mini2/Content/UI/Menus/MainMenu/SettingsClick.uasset" 670
"../../../../../Users/MDS00001Y6/Documents/MiniProduction2/Mini2/Content/UI/Menus/MainMenu/MotionBlur.uasset" 671
"../../../../../Users/MDS00001Y6/Documents/MiniProduction2/Mini2/Content/UI/Menus/MainMenu/DiamondClick.uasset" 672
"../../../../../Users/MDS00001Y6/Documents/MiniProduction2/Mini2/Content/UI/Menus/MainMenu/Diamond.uasset" 673
"../../../../../Users/MDS00001Y6/Documents/MiniProduction2/Mini2/Content/UI/Menus/MainMenu/CheckHover.uasset" 674
"../../../../../Users/MDS00001Y6/Documents/MiniProduction2/Mini2/Content/UI/Menus/MainMenu/Check.uasset" 675
"../../../../../Users/MDS00001Y6/Documents/MiniProduction2/Mini2/Content/UI/Menus/MainMenu/Brightness.uasset" 676
"../../../../../Users/MDS00001Y6/Documents/MiniProduction2/Mini2/Content/UI/Menus/MainMenu/BoxHover.uasset" 677
"../../../../../Users/MDS00001Y6/Documents/MiniProduction2/Mini2/Content/UI/Menus/MainMenu/Box.uasset" 678
"../../../../../Users/MDS00001Y6/Documents/MiniProduction2/Mini2/Content/UI/Menus/MainMenu/BlackSlider.uasset" 679
"../../../../../Users/MDS00001Y6/Documents/MiniProduction2/Mini2/Content/UI/Menus/PauseMenu/PauseMenu.uasset" 680
"../../../../../Users/MDS00001Y6/Documents/MiniProduction2/Mini2/Content/Enemies/Zombies/AI/Jump_NavLink.uasset" 681
"../../../../../Users/MDS00001Y6/Documents/MiniProduction2/Mini2/Content/Levels/CityLevel.umap" 682
"../../../../../Users/MDS00001Y6/Documents/MiniProduction2/Mini2/Content/Textures/FighterCharacter/NEWcharacter1_DIFF.uasset" 683
"../../../../../Users/MDS00001Y6/Documents/MiniProduction2/Mini2/Content/Textures/FighterCharacter/character1_ROUGH.uasset" 684
"../../../../../Users/MDS00001Y6/Documents/MiniProduction2/Mini2/Content/Textures/FighterCharacter/character1_NORM.uasset" 685
"../../../../../Users/MDS00001Y6/Documents/MiniProduction2/Mini2/Content/Textures/FighterCharacter/character1_METAL.uasset" 686
"../../../../../Users/MDS00001Y6/Documents/MiniProduction2/Mini2/Content/Textures/FighterCharacter/Character1MAT.uasset" 687
"../../../../../Users/MDS00001Y6/Documents/MiniProduction2/Mini2/Content/Animations/Fighter/character_1_Idel_new_ANI_PhysicsAsset.uasset" 688
"../../../../../Users/MDS00001Y6/Documents/MiniProduction2/Mini2/Content/Animations/Fighter/character_1_Idel_new_ANI.uasset" 689
"../../../../../Users/MDS00001Y6/Documents/MiniProduction2/Mini2/Content/Sounds/SoundEffects/RifleShoot.uasset" 690
"../../../../../Users/MDS00001Y6/Documents/MiniProduction2/Mini2/Content/Sounds/Shooting.uasset" 691
"../../../../../Users/MDS00001Y6/Documents/MiniProduction2/Mini2/Content/VFX/MuzzleFlash/SmokeMAT.uasset" 692
"../../../../../Users/MDS00001Y6/Documents/MiniProduction2/Mini2/Content/VFX/MuzzleFlash/FlashALPHA.uasset" 693
"../../../../../Users/MDS00001Y6/Documents/MiniProduction2/Mini2/Content/VFX/MuzzleFlash/FlashMAT.uasset" 694
"../../../../../Users/MDS00001Y6/Documents/MiniProduction2/Mini2/Content/VFX/MuzzleFlash/FlashObject.uasset" 695
"../../../../../Users/MDS00001Y6/Documents/MiniProduction2/Mini2/Content/VFX/MuzzleFlash/MuzzleFlashFX.uasset" 696
"../../../../../Users/MDS00001Y6/Documents/MiniProduction2/Mini2/Content/Animations/Fighter/character1_shooting_new_ANI.uasset" 697
"../../../../../Users/MDS00001Y6/Documents/MiniProduction2/Mini2/Content/Animations/Fighter/character_1_dead_new_ANI.uasset" 698
"../../../../../Users/MDS00001Y6/Documents/MiniProduction2/Mini2/Content/Animations/Fighter/character_1_grenade_new_ANI.uasset" 699
"../../../../../Users/MDS00001Y6/Documents/MiniProduction2/Mini2/Content/Animations/Fighter/character_1_reload_new_ANI.uasset" 700
"../../../../../Users/MDS00001Y6/Documents/MiniProduction2/Mini2/Content/Sounds/SoundEffects/Footsteps4.uasset" 701
"../../../../../Users/MDS00001Y6/Documents/MiniProduction2/Mini2/Content/Sounds/SoundEffects/Footsteps3.uasset" 702
"../../../../../Users/MDS00001Y6/Documents/MiniProduction2/Mini2/Content/Sounds/SoundEffects/Footsteps2.uasset" 703
"../../../../../Users/MDS00001Y6/Documents/MiniProduction2/Mini2/Content/Sounds/SoundEffects/Footsteps1.uasset" 704
"../../../../../Users/MDS00001Y6/Documents/MiniProduction2/Mini2/Content/Sounds/Footsteps.uasset" 705
"../../../../../Users/MDS00001Y6/Documents/MiniProduction2/Mini2/Content/Animations/Fighter/character_1_Runing_new_ANI.uasset" 706
"../../../../../Users/MDS00001Y6/Documents/MiniProduction2/Mini2/Content/Animations/Fighter/character_1_Idel_new_ANI_Anim.uasset" 707
"../../../../../Users/MDS00001Y6/Documents/MiniProduction2/Mini2/Content/Animations/Fighter/FighterAnimations.uasset" 708
"../../../../../Users/MDS00001Y6/Documents/MiniProduction2/Mini2/Content/Guns/SplineBox.uasset" 709
"../../../../../Users/MDS00001Y6/Documents/MiniProduction2/Mini2/Content/Guns/SplineMAT.uasset" 710
"../../../../../Users/MDS00001Y6/Documents/MiniProduction2/Mini2/Content/Guns/SpilneCyl.uasset" 711
"../../../../../Users/MDS00001Y6/Documents/MiniProduction2/Mini2/Content/UI/TankWidget/TankBuffSymbHorz.uasset" 712
"../../../../../Users/MDS00001Y6/Documents/MiniProduction2/Mini2/Content/UI/GeneralHUD/UltButton.uasset" 713
"../../../../../Users/MDS00001Y6/Documents/MiniProduction2/Mini2/Content/UI/GeneralHUD/RightBarHorz.uasset" 714
"../../../../../Users/MDS00001Y6/Documents/MiniProduction2/Mini2/Content/UI/GeneralHUD/BarLeftHorz.uasset" 715
"../../../../../Users/MDS00001Y6/Documents/MiniProduction2/Mini2/Content/UI/FighterWidget/FighterUltSymbol.uasset" 716
"../../../../../Users/MDS00001Y6/Documents/MiniProduction2/Mini2/Content/UI/FighterWidget/FighterGrenadeSymbHorz.uasset" 717
"../../../../../Users/MDS00001Y6/Documents/MiniProduction2/Mini2/Content/UI/FighterWidget/BulletsLeft.uasset" 718
"../../../../../Users/MDS00001Y6/Documents/MiniProduction2/Mini2/Content/UI/FighterWidget/AmmoBarHorz.uasset" 719
"../../../../../Users/MDS00001Y6/Documents/MiniProduction2/Mini2/Content/UI/FighterWidget/FighterWidget.uasset" 720
"../../../../../Users/MDS00001Y6/Documents/MiniProduction2/Mini2/Content/UI/Dot.uasset" 721
"../../../../../Users/MDS00001Y6/Documents/MiniProduction2/Mini2/Content/UI/crossHair.uasset" 722
"../../../../../Users/MDS00001Y6/Documents/MiniProduction2/Mini2/Content/Sounds/SoundEffects/RifleReload.uasset" 723
"../../Plugins/FX/Niagara/Content/Modules/Update/Forces/AccelerationForce.uasset" 724
"../../Plugins/FX/Niagara/Content/DynamicInputs/Angles/NormalizedAngleToDegrees.uasset" 725
"../../../../../Users/MDS00001Y6/Documents/MiniProduction2/Mini2/Content/VFX/UltAura/RadialRampMAT.uasset" 726
"../../Plugins/FX/Niagara/Content/DefaultAssets/DefaultSpriteMaterial.uasset" 727
"../../../../../Users/MDS00001Y6/Documents/MiniProduction2/Mini2/Content/VFX/UltAura/EmptyEmitter.uasset" 728
"../../../../../Users/MDS00001Y6/Documents/MiniProduction2/Mini2/Content/VFX/UltAura/UltAuraFX.uasset" 729
"../../../../../Users/MDS00001Y6/Documents/MiniProduction2/Mini2/Content/VFX/RadiusEffect/GrenadeRingFX.uasset" 730
"../../../../../Users/MDS00001Y6/Documents/MiniProduction2/Mini2/Content/Sounds/SoundEffects/Explosion.uasset" 731
"../../../../../Users/MDS00001Y6/Documents/MiniProduction2/Mini2/Content/Sounds/GrenadeExplosion.uasset" 732
"../../../../../Users/MDS00001Y6/Documents/MiniProduction2/Mini2/Content/Textures/Grenade/grenade_ROUGH.uasset" 733
"../../../../../Users/MDS00001Y6/Documents/MiniProduction2/Mini2/Content/Textures/Grenade/grenade_NORM.uasset" 734
"../../../../../Users/MDS00001Y6/Documents/MiniProduction2/Mini2/Content/Textures/Grenade/grenade_METAL.uasset" 735
"../../../../../Users/MDS00001Y6/Documents/MiniProduction2/Mini2/Content/Textures/Grenade/grenade_DIFF.uasset" 736
"../../../../../Users/MDS00001Y6/Documents/MiniProduction2/Mini2/Content/Textures/Grenade/GrenadeMAT.uasset" 737
"../../../../../Users/MDS00001Y6/Documents/MiniProduction2/Mini2/Content/ObjectMeshes/grenade.uasset" 738
"../../Plugins/FX/Niagara/Content/Enums/ENiagaraRestitutionMergeType.uasset" 739
"../../Plugins/FX/Niagara/Content/Enums/ENiagaraFrictionMergeType.uasset" 740
"../../Plugins/FX/Niagara/Content/Enums/ENiagaraCollisionRadiusOptions.uasset" 741
"../../Plugins/FX/Niagara/Content/Enums/ENiagaraCalculateRadiusOptions.uasset" 742
"../../Plugins/FX/Niagara/Content/Enums/ENiagara_GPUCollisionType.uasset" 743
"../../Plugins/FX/Niagara/Content/Enums/ENiagara_CPUCollisionType.uasset" 744
"../../Plugins/FX/Niagara/Content/Functions/Helpers/DoOnce_fn.uasset" 745
"../../Plugins/FX/Niagara/Content/Functions/ProjectVectorOnPlane.uasset" 746
"../../Plugins/FX/Niagara/Content/Modules/Collision/SceneDepthTest.uasset" 747
"../../Plugins/FX/Niagara/Content/Modules/Collision/NiagaraDistanceFieldCollisions.uasset" 748
"../../Plugins/FX/Niagara/Content/Functions/Collision/RandomizeCollisionNormals.uasset" 749
"../../Plugins/FX/Niagara/Content/Functions/Collision/PlaneSphereCollisionDetection.uasset" 750
"../../Plugins/FX/Niagara/Content/Functions/ReflectVector.uasset" 751
"../../Plugins/FX/Niagara/Content/Functions/Math/CentimeterMeterConversion.uasset" 752
"../../Plugins/FX/Niagara/Content/Modules/Collision/CollisionQueryAndResponse.uasset" 753
"../../Plugins/FX/Niagara/Content/Functions/CalculateRadiusFromSpriteSize.uasset" 754
"../../Plugins/FX/Niagara/Content/Functions/CalculateMeshRadius.uasset" 755
"../../Plugins/FX/Niagara/Content/Functions/Localspace/TransformPosition.uasset" 756
"../../Plugins/FX/Niagara/Content/Modules/Collision/Collision.uasset" 757
"../../../../../Users/MDS00001Y6/Documents/MiniProduction2/Mini2/Content/VFX/GrenadeExplosion/SmokeBall.uasset" 758
"../../../../../Users/MDS00001Y6/Documents/MiniProduction2/Mini2/Content/VFX/GrenadeExplosion/SmokeBallMAT.uasset" 759
"../../../../../Users/MDS00001Y6/Documents/MiniProduction2/Mini2/Content/VFX/GrenadeExplosion/KaboomBall.uasset" 760
"../../../../../Users/MDS00001Y6/Documents/MiniProduction2/Mini2/Content/VFX/GrenadeExplosion/Explosion2MAT.uasset" 761
"../../../../../Users/MDS00001Y6/Documents/MiniProduction2/Mini2/Content/VFX/GrenadeExplosion/KaboomFuzz.uasset" 762
"../../../../../Users/MDS00001Y6/Documents/MiniProduction2/Mini2/Content/VFX/GrenadeExplosion/Explosion1MAT.uasset" 763
"../../../../../Users/MDS00001Y6/Documents/MiniProduction2/Mini2/Content/VFX/GrenadeExplosion/GrenadeExplosionFX.uasset" 764
"../../../../../Users/MDS00001Y6/Documents/MiniProduction2/Mini2/Content/Guns/GrenadeActor.uasset" 765
"../../../../../Users/MDS00001Y6/Documents/MiniProduction2/Mini2/Content/Guns/GunParentFighter.uasset" 766
"../../../../../Users/MDS00001Y6/Documents/MiniProduction2/Mini2/Content/Guns/AssaultRifle.uasset" 767
"../../../../../Users/MDS00001Y6/Documents/MiniProduction2/Mini2/Content/Players/FighterChild.uasset" 768
"../../../../../Users/MDS00001Y6/Documents/MiniProduction2/Mini2/Content/UI/TankIcon.uasset" 769
"../../../../../Users/MDS00001Y6/Documents/MiniProduction2/Mini2/Content/UI/FighterIcon.uasset" 770
"../../../../../Users/MDS00001Y6/Documents/MiniProduction2/Mini2/Content/UI/Menus/MainMenu/TankHover.uasset" 771
"../../../../../Users/MDS00001Y6/Documents/MiniProduction2/Mini2/Content/UI/Menus/MainMenu/TankClick.uasset" 772
"../../../../../Users/MDS00001Y6/Documents/MiniProduction2/Mini2/Content/UI/Menus/MainMenu/SingleplayerHover.uasset" 773
"../../../../../Users/MDS00001Y6/Documents/MiniProduction2/Mini2/Content/UI/Menus/MainMenu/SingleplayerClick.uasset" 774
"../../../../../Users/MDS00001Y6/Documents/MiniProduction2/Mini2/Content/UI/Menus/MainMenu/QuitHover.uasset" 775
"../../../../../Users/MDS00001Y6/Documents/MiniProduction2/Mini2/Content/UI/Menus/MainMenu/QuitClick.uasset" 776
"../../../../../Users/MDS00001Y6/Documents/MiniProduction2/Mini2/Content/UI/Menus/MainMenu/MultiplayerHover.uasset" 777
"../../../../../Users/MDS00001Y6/Documents/MiniProduction2/Mini2/Content/UI/Menus/MainMenu/MultiplayerClick.uasset" 778
"../../../../../Users/MDS00001Y6/Documents/MiniProduction2/Mini2/Content/UI/Menus/MainMenu/MenuImage.uasset" 779
"../../../../../Users/MDS00001Y6/Documents/MiniProduction2/Mini2/Content/UI/Menus/MainMenu/FighterHover.uasset" 780
"../../../../../Users/MDS00001Y6/Documents/MiniProduction2/Mini2/Content/UI/Menus/MainMenu/FighterClick.uasset" 781
"../../../../../Users/MDS00001Y6/Documents/MiniProduction2/Mini2/Content/UI/Menus/MainMenu/ControlsHover.uasset" 782
"../../../../../Users/MDS00001Y6/Documents/MiniProduction2/Mini2/Content/UI/Menus/MainMenu/ControlsClick.uasset" 783
"../../../../../Users/MDS00001Y6/Documents/MiniProduction2/Mini2/Content/UI/Menus/MainMenu/ControllerScheme.uasset" 784
"../../../../../Users/MDS00001Y6/Documents/MiniProduction2/Mini2/Content/Animations/Tank/character2_idel_PhysicsAsset.uasset" 785
"../../../../../Users/MDS00001Y6/Documents/MiniProduction2/Mini2/Content/Textures/TankCharacter/character2new_ROUGH.uasset" 786
"../../../../../Users/MDS00001Y6/Documents/MiniProduction2/Mini2/Content/Textures/TankCharacter/character2new_NORM.uasset" 787
"../../../../../Users/MDS00001Y6/Documents/MiniProduction2/Mini2/Content/Textures/TankCharacter/character2new_METAL.uasset" 788
"../../../../../Users/MDS00001Y6/Documents/MiniProduction2/Mini2/Content/Textures/TankCharacter/character2new_DIFF.uasset" 789
"../../../../../Users/MDS00001Y6/Documents/MiniProduction2/Mini2/Content/Textures/TankCharacter/Character2MAT.uasset" 790
"../../../../../Users/MDS00001Y6/Documents/MiniProduction2/Mini2/Content/Animations/Tank/character2_idel.uasset" 791
"../../../../../Users/MDS00001Y6/Documents/MiniProduction2/Mini2/Content/UI/TankWidget/TankUltSymbol.uasset" 792
"../../../../../Users/MDS00001Y6/Documents/MiniProduction2/Mini2/Content/UI/TankWidget/TankSmashSymbHorz.uasset" 793
"../../../../../Users/MDS00001Y6/Documents/MiniProduction2/Mini2/Content/UI/TankWidget/TankWidget.uasset" 794
"../../../../../Users/MDS00001Y6/Documents/MiniProduction2/Mini2/Content/VFX/UltAura/UltAuraV2FX.uasset" 795
"../../../../../Users/MDS00001Y6/Documents/MiniProduction2/Mini2/Content/Sounds/SoundEffects/Swishing.uasset" 796
"../../../../../Users/MDS00001Y6/Documents/MiniProduction2/Mini2/Content/VFX/HammerSwing/WaterALPHA.uasset" 797
"../../../../../Users/MDS00001Y6/Documents/MiniProduction2/Mini2/Content/VFX/HammerSwing/SwipeMAT.uasset" 798
"../../../../../Users/MDS00001Y6/Documents/MiniProduction2/Mini2/Content/VFX/HammerSwing/Swing3.uasset" 799
"../../../../../Users/MDS00001Y6/Documents/MiniProduction2/Mini2/Content/Animations/Tank/character_2_Swing_ANI.uasset" 800
"../../../../../Users/MDS00001Y6/Documents/MiniProduction2/Mini2/Content/Sounds/SoundEffects/ShieldSmash.uasset" 801
"../../../../../Users/MDS00001Y6/Documents/MiniProduction2/Mini2/Content/VFX/HammerSmash/Swing2FX.uasset" 802
"../../Plugins/FX/Niagara/Content/Enums/ENiagaraGridPlacementType.uasset" 803
"../../Plugins/FX/Niagara/Content/Functions/MakeTranslationMatrix.uasset" 804
"../../Plugins/FX/Niagara/Content/Functions/Math/GetMatrixScale.uasset" 805
"../../Plugins/FX/Niagara/Content/Modules/Spawn/Location/V2/GridLocation.uasset" 806
"../../Plugins/FX/Niagara/Content/Modules/Spawn/Location/SpawnParticlesInGrid.uasset" 807
"../../Plugins/FX/Niagara/Content/Functions/RandomPointInBox.uasset" 808
"../../Plugins/FX/Niagara/Content/Functions/IsolateLongestVectorComponent.uasset" 809
"../../Plugins/FX/Niagara/Content/Functions/Rotation/RotateAngleOnAxis.uasset" 810
"../../Plugins/FX/Niagara/Content/Modules/Spawn/Location/BoxLocation.uasset" 811
"../../../../../Users/MDS00001Y6/Documents/MiniProduction2/Mini2/Content/VFX/HammerSmash/Ember2MAT.uasset" 812
"../../../../../Users/MDS00001Y6/Documents/MiniProduction2/Mini2/Content/VFX/HammerSmash/Cracks2NORM.uasset" 813
"../../../../../Users/MDS00001Y6/Documents/MiniProduction2/Mini2/Content/VFX/HammerSmash/Cracks2Alpha.uasset" 814
"../../../../../Users/MDS00001Y6/Documents/MiniProduction2/Mini2/Content/VFX/HammerSmash/CracksMAT.uasset" 815
"../../../../../Users/MDS00001Y6/Documents/MiniProduction2/Mini2/Content/VFX/HammerSmash/SmashCrackFX.uasset" 816
"../../../../../Users/MDS00001Y6/Documents/MiniProduction2/Mini2/Content/Animations/Tank/character_2_Slam_ANI.uasset" 817
"../../../../../Users/MDS00001Y6/Documents/MiniProduction2/Mini2/Content/Animations/Tank/character_2_Runing_ANI.uasset" 818
"../../../../../Users/MDS00001Y6/Documents/MiniProduction2/Mini2/Content/Animations/Tank/character_2_dead_ANI.uasset" 819
"../../../../../Users/MDS00001Y6/Documents/MiniProduction2/Mini2/Content/Animations/Tank/character2_idel_Anim.uasset" 820
"../../../../../Users/MDS00001Y6/Documents/MiniProduction2/Mini2/Content/Animations/Tank/TankAnimations.uasset" 821
"../../../../../Users/MDS00001Y6/Documents/MiniProduction2/Mini2/Content/Players/TankChild.uasset" 822
"../../../../../Users/MDS00001Y6/Documents/MiniProduction2/Mini2/Content/UI/Menus/MainMenu/MainMenuUI.uasset" 823
"../../../../../Users/MDS00001Y6/Documents/MiniProduction2/Mini2/Content/Sounds/Music/MenuScreen.uasset" 824
"../../../../../Users/MDS00001Y6/Documents/MiniProduction2/Mini2/Content/Levels/MainMenu.umap" 825
"../../../../../Users/MDS00001Y6/Documents/MiniProduction2/Mini2/Content/SplashScreen/frame9.uasset" 826
"../../Plugins/2D/Paper2D/Content/TranslucentUnlitSpriteMaterial.uasset" 827
"../../../../../Users/MDS00001Y6/Documents/MiniProduction2/Mini2/Content/SplashScreen/frame9_Sprite.uasset" 828
"../../../../../Users/MDS00001Y6/Documents/MiniProduction2/Mini2/Content/SplashScreen/frame8.uasset" 829
"../../../../../Users/MDS00001Y6/Documents/MiniProduction2/Mini2/Content/SplashScreen/frame8_Sprite.uasset" 830
"../../../../../Users/MDS00001Y6/Documents/MiniProduction2/Mini2/Content/SplashScreen/frame7.uasset" 831
"../../../../../Users/MDS00001Y6/Documents/MiniProduction2/Mini2/Content/SplashScreen/frame7_Sprite.uasset" 832
"../../../../../Users/MDS00001Y6/Documents/MiniProduction2/Mini2/Content/SplashScreen/frame6.uasset" 833
"../../../../../Users/MDS00001Y6/Documents/MiniProduction2/Mini2/Content/SplashScreen/frame6_Sprite.uasset" 834
"../../../../../Users/MDS00001Y6/Documents/MiniProduction2/Mini2/Content/SplashScreen/frame5.uasset" 835
"../../../../../Users/MDS00001Y6/Documents/MiniProduction2/Mini2/Content/SplashScreen/frame5_Sprite.uasset" 836
"../../../../../Users/MDS00001Y6/Documents/MiniProduction2/Mini2/Content/SplashScreen/frame4.uasset" 837
"../../../../../Users/MDS00001Y6/Documents/MiniProduction2/Mini2/Content/SplashScreen/frame4_Sprite.uasset" 838
"../../../../../Users/MDS00001Y6/Documents/MiniProduction2/Mini2/Content/SplashScreen/frame3.uasset" 839
"../../../../../Users/MDS00001Y6/Documents/MiniProduction2/Mini2/Content/SplashScreen/frame3_Sprite.uasset" 840
"../../../../../Users/MDS00001Y6/Documents/MiniProduction2/Mini2/Content/SplashScreen/frame2.uasset" 841
"../../../../../Users/MDS00001Y6/Documents/MiniProduction2/Mini2/Content/SplashScreen/frame2_Sprite.uasset" 842
"../../../../../Users/MDS00001Y6/Documents/MiniProduction2/Mini2/Content/SplashScreen/frame23.uasset" 843
"../../../../../Users/MDS00001Y6/Documents/MiniProduction2/Mini2/Content/SplashScreen/frame23_Sprite.uasset" 844
"../../../../../Users/MDS00001Y6/Documents/MiniProduction2/Mini2/Content/SplashScreen/frame22.uasset" 845
"../../../../../Users/MDS00001Y6/Documents/MiniProduction2/Mini2/Content/SplashScreen/frame22_Sprite.uasset" 846
"../../../../../Users/MDS00001Y6/Documents/MiniProduction2/Mini2/Content/SplashScreen/frame21.uasset" 847
"../../../../../Users/MDS00001Y6/Documents/MiniProduction2/Mini2/Content/SplashScreen/frame21_Sprite.uasset" 848
"../../../../../Users/MDS00001Y6/Documents/MiniProduction2/Mini2/Content/SplashScreen/frame20.uasset" 849
"../../../../../Users/MDS00001Y6/Documents/MiniProduction2/Mini2/Content/SplashScreen/frame20_Sprite.uasset" 850
"../../../../../Users/MDS00001Y6/Documents/MiniProduction2/Mini2/Content/SplashScreen/frame1.uasset" 851
"../../../../../Users/MDS00001Y6/Documents/MiniProduction2/Mini2/Content/SplashScreen/frame1_Sprite.uasset" 852
"../../../../../Users/MDS00001Y6/Documents/MiniProduction2/Mini2/Content/SplashScreen/frame19.uasset" 853
"../../../../../Users/MDS00001Y6/Documents/MiniProduction2/Mini2/Content/SplashScreen/frame19_Sprite.uasset" 854
"../../../../../Users/MDS00001Y6/Documents/MiniProduction2/Mini2/Content/SplashScreen/frame18.uasset" 855
"../../../../../Users/MDS00001Y6/Documents/MiniProduction2/Mini2/Content/SplashScreen/frame18_Sprite.uasset" 856
"../../../../../Users/MDS00001Y6/Documents/MiniProduction2/Mini2/Content/SplashScreen/frame17.uasset" 857
"../../../../../Users/MDS00001Y6/Documents/MiniProduction2/Mini2/Content/SplashScreen/frame17_Sprite.uasset" 858
"../../../../../Users/MDS00001Y6/Documents/MiniProduction2/Mini2/Content/SplashScreen/frame16.uasset" 859
"../../../../../Users/MDS00001Y6/Documents/MiniProduction2/Mini2/Content/SplashScreen/frame16_Sprite.uasset" 860
"../../../../../Users/MDS00001Y6/Documents/MiniProduction2/Mini2/Content/SplashScreen/frame15.uasset" 861
"../../../../../Users/MDS00001Y6/Documents/MiniProduction2/Mini2/Content/SplashScreen/frame15_Sprite.uasset" 862
"../../../../../Users/MDS00001Y6/Documents/MiniProduction2/Mini2/Content/SplashScreen/frame14.uasset" 863
"../../../../../Users/MDS00001Y6/Documents/MiniProduction2/Mini2/Content/SplashScreen/frame14_Sprite.uasset" 864
"../../../../../Users/MDS00001Y6/Documents/MiniProduction2/Mini2/Content/SplashScreen/frame13.uasset" 865
"../../../../../Users/MDS00001Y6/Documents/MiniProduction2/Mini2/Content/SplashScreen/frame13_Sprite.uasset" 866
"../../../../../Users/MDS00001Y6/Documents/MiniProduction2/Mini2/Content/SplashScreen/frame12.uasset" 867
"../../../../../Users/MDS00001Y6/Documents/MiniProduction2/Mini2/Content/SplashScreen/frame12_Sprite.uasset" 868
"../../../../../Users/MDS00001Y6/Documents/MiniProduction2/Mini2/Content/SplashScreen/frame11.uasset" 869
"../../../../../Users/MDS00001Y6/Documents/MiniProduction2/Mini2/Content/SplashScreen/frame11_Sprite.uasset" 870
"../../../../../Users/MDS00001Y6/Documents/MiniProduction2/Mini2/Content/SplashScreen/frame10.uasset" 871
"../../../../../Users/MDS00001Y6/Documents/MiniProduction2/Mini2/Content/SplashScreen/frame10_Sprite.uasset" 872
"../../../../../Users/MDS00001Y6/Documents/MiniProduction2/Mini2/Content/SplashScreen/SplashScreenLogo.uasset" 873
"../../../../../Users/MDS00001Y6/Documents/MiniProduction2/Mini2/Content/Levels/SplashScreen.umap" 874
"../../../Engine/Content/Maps/Entry_BuiltData.uasset" 875
"../../../Engine/Content/Maps/Entry.umap" 876
